\BOOKMARK [-1][-]{part.1}{\376\377\000I\000\040\000F\000o\000u\000n\000d\000a\000t\000i\000o\000n\000s}{}% 1
\BOOKMARK [0][-]{chapter.1}{\376\377\000G\000r\000a\000p\000h\000\040\000T\000h\000e\000o\000r\000y\000\040\000a\000n\000d\000\040\000N\000e\000t\000w\000o\000r\000k\000\040\000S\000c\000i\000e\000n\000c\000e}{part.1}% 2
\BOOKMARK [1][-]{section.1.1}{\376\377\000F\000o\000r\000m\000a\000l\000\040\000G\000r\000a\000p\000h\000\040\000D\000e\000f\000i\000n\000i\000t\000i\000o\000n\000s}{chapter.1}% 3
\BOOKMARK [2][-]{subsection.1.1.1}{\376\377\000U\000n\000d\000i\000r\000e\000c\000t\000e\000d\000\040\000a\000n\000d\000\040\000D\000i\000r\000e\000c\000t\000e\000d\000\040\000G\000r\000a\000p\000h\000s}{section.1.1}% 4
\BOOKMARK [2][-]{subsection.1.1.2}{\376\377\000W\000e\000i\000g\000h\000t\000e\000d\000\040\000G\000r\000a\000p\000h\000s\000\040\000a\000n\000d\000\040\000M\000u\000l\000t\000i\000g\000r\000a\000p\000h\000s}{section.1.1}% 5
\BOOKMARK [2][-]{subsection.1.1.3}{\376\377\000S\000u\000b\000g\000r\000a\000p\000h\000s\000\040\000a\000n\000d\000\040\000I\000n\000d\000u\000c\000e\000d\000\040\000S\000u\000b\000g\000r\000a\000p\000h\000s}{section.1.1}% 6
\BOOKMARK [1][-]{section.1.2}{\376\377\000M\000a\000t\000r\000i\000x\000\040\000R\000e\000p\000r\000e\000s\000e\000n\000t\000a\000t\000i\000o\000n\000s}{chapter.1}% 7
\BOOKMARK [2][-]{subsection.1.2.1}{\376\377\000T\000h\000e\000\040\000S\000i\000x\000-\000N\000o\000d\000e\000\040\000R\000u\000n\000n\000i\000n\000g\000\040\000E\000x\000a\000m\000p\000l\000e}{section.1.2}% 8
\BOOKMARK [2][-]{subsection.1.2.2}{\376\377\000A\000d\000j\000a\000c\000e\000n\000c\000y\000\040\000M\000a\000t\000r\000i\000x}{section.1.2}% 9
\BOOKMARK [2][-]{subsection.1.2.3}{\376\377\000D\000e\000g\000r\000e\000e\000\040\000M\000a\000t\000r\000i\000x}{section.1.2}% 10
\BOOKMARK [2][-]{subsection.1.2.4}{\376\377\000T\000h\000e\000\040\000G\000r\000a\000p\000h\000\040\000L\000a\000p\000l\000a\000c\000i\000a\000n}{section.1.2}% 11
\BOOKMARK [2][-]{subsection.1.2.5}{\376\377\000N\000o\000r\000m\000a\000l\000i\000s\000e\000d\000\040\000L\000a\000p\000l\000a\000c\000i\000a\000n\000s}{section.1.2}% 12
\BOOKMARK [1][-]{section.1.3}{\376\377\000S\000p\000e\000c\000t\000r\000a\000l\000\040\000G\000r\000a\000p\000h\000\040\000T\000h\000e\000o\000r\000y}{chapter.1}% 13
\BOOKMARK [2][-]{subsection.1.3.1}{\376\377\000E\000i\000g\000e\000n\000v\000a\000l\000u\000e\000s\000\040\000a\000n\000d\000\040\000E\000i\000g\000e\000n\000v\000e\000c\000t\000o\000r\000s\000:\000\040\000S\000t\000a\000r\000t\000i\000n\000g\000\040\000f\000r\000o\000m\000\040\000S\000c\000r\000a\000t\000c\000h}{section.1.3}% 14
\BOOKMARK [2][-]{subsection.1.3.2}{\376\377\000A\000l\000g\000e\000b\000r\000a\000i\000c\000\040\000C\000o\000n\000n\000e\000c\000t\000i\000v\000i\000t\000y\000\040\000a\000n\000d\000\040\000t\000h\000e\000\040\000F\000i\000e\000d\000l\000e\000r\000\040\000V\000a\000l\000u\000e}{section.1.3}% 15
\BOOKMARK [2][-]{subsection.1.3.3}{\376\377\000T\000h\000e\000\040\000G\000r\000a\000p\000h\000\040\000F\000o\000u\000r\000i\000e\000r\000\040\000T\000r\000a\000n\000s\000f\000o\000r\000m}{section.1.3}% 16
\BOOKMARK [2][-]{subsection.1.3.4}{\376\377\000C\000h\000e\000b\000y\000s\000h\000e\000v\000\040\000P\000o\000l\000y\000n\000o\000m\000i\000a\000l\000\040\000A\000p\000p\000r\000o\000x\000i\000m\000a\000t\000i\000o\000n}{section.1.3}% 17
\BOOKMARK [1][-]{section.1.4}{\376\377\000K\000e\000y\000\040\000N\000e\000t\000w\000o\000r\000k\000\040\000M\000e\000t\000r\000i\000c\000s}{chapter.1}% 18
\BOOKMARK [2][-]{subsection.1.4.1}{\376\377\000D\000e\000g\000r\000e\000e\000\040\000D\000i\000s\000t\000r\000i\000b\000u\000t\000i\000o\000n}{section.1.4}% 19
\BOOKMARK [2][-]{subsection.1.4.2}{\376\377\000C\000l\000u\000s\000t\000e\000r\000i\000n\000g\000\040\000C\000o\000e\000f\000f\000i\000c\000i\000e\000n\000t}{section.1.4}% 20
\BOOKMARK [2][-]{subsection.1.4.3}{\376\377\000C\000e\000n\000t\000r\000a\000l\000i\000t\000y\000\040\000M\000e\000a\000s\000u\000r\000e\000s}{section.1.4}% 21
\BOOKMARK [2][-]{subsection.1.4.4}{\376\377\000P\000a\000g\000e\000R\000a\000n\000k}{section.1.4}% 22
\BOOKMARK [2][-]{subsection.1.4.5}{\376\377\000W\000o\000r\000k\000e\000d\000\040\000M\000e\000t\000r\000i\000c\000s\000\040\000f\000o\000r\000\040\000G\0006}{section.1.4}% 23
\BOOKMARK [1][-]{section.1.5}{\376\377\000N\000e\000t\000w\000o\000r\000k\000\040\000G\000e\000n\000e\000r\000a\000t\000i\000o\000n\000\040\000M\000o\000d\000e\000l\000s}{chapter.1}% 24
\BOOKMARK [2][-]{subsection.1.5.1}{\376\377\000E\000r\000d\001\121\000s\000-\000R\000\351\000n\000y\000i\000\040\000R\000a\000n\000d\000o\000m\000\040\000G\000r\000a\000p\000h\000s}{section.1.5}% 25
\BOOKMARK [2][-]{subsection.1.5.2}{\376\377\000B\000a\000r\000a\000b\000\341\000s\000i\000-\000A\000l\000b\000e\000r\000t\000\040\000P\000r\000e\000f\000e\000r\000e\000n\000t\000i\000a\000l\000\040\000A\000t\000t\000a\000c\000h\000m\000e\000n\000t}{section.1.5}% 26
\BOOKMARK [2][-]{subsection.1.5.3}{\376\377\000W\000a\000t\000t\000s\000-\000S\000t\000r\000o\000g\000a\000t\000z\000\040\000S\000m\000a\000l\000l\000-\000W\000o\000r\000l\000d\000\040\000N\000e\000t\000w\000o\000r\000k\000s}{section.1.5}% 27
\BOOKMARK [2][-]{subsection.1.5.4}{\376\377\000V\000i\000s\000u\000a\000l\000\040\000C\000o\000m\000p\000a\000r\000i\000s\000o\000n\000\040\000a\000n\000d\000\040\000T\000a\000b\000l\000e}{section.1.5}% 28
\BOOKMARK [1][-]{section.1.6}{\376\377\000C\000o\000m\000p\000r\000e\000h\000e\000n\000s\000i\000v\000e\000\040\000W\000o\000r\000k\000e\000d\000\040\000E\000x\000a\000m\000p\000l\000e\000:\000\040\000B\000u\000i\000l\000d\000i\000n\000g\000\040\000a\000n\000d\000\040\000A\000n\000a\000l\000y\000s\000i\000n\000g\000\040\000G\0006}{chapter.1}% 29
\BOOKMARK [1][-]{section.1.7}{\376\377\000C\000h\000a\000p\000t\000e\000r\000\040\000S\000u\000m\000m\000a\000r\000y}{chapter.1}% 30
\BOOKMARK [0][-]{chapter.2}{\376\377\000T\000e\000m\000p\000o\000r\000a\000l\000\040\000N\000e\000t\000w\000o\000r\000k\000s\000:\000\040\000W\000h\000e\000n\000\040\000T\000i\000m\000e\000\040\000C\000h\000a\000n\000g\000e\000s\000\040\000E\000v\000e\000r\000y\000t\000h\000i\000n\000g}{part.1}% 31
\BOOKMARK [1][-]{section.2.1}{\376\377\000W\000h\000y\000\040\000S\000t\000a\000t\000i\000c\000\040\000G\000r\000a\000p\000h\000s\000\040\000F\000a\000i\000l\000\040\000f\000o\000r\000\040\000E\000p\000i\000d\000e\000m\000i\000c\000s\000:\000\040\000T\000h\000e\000\040\000P\000h\000a\000n\000t\000o\000m\000\040\000P\000a\000t\000h\000\040\000P\000r\000o\000b\000l\000e\000m}{chapter.2}% 32
\BOOKMARK [2][-]{subsection.2.1.1}{\376\377\000A\000\040\000T\000h\000r\000e\000e\000-\000P\000e\000r\000s\000o\000n\000\040\000S\000t\000o\000r\000y}{section.2.1}% 33
\BOOKMARK [2][-]{subsection.2.1.2}{\376\377\000A\000\040\000B\000r\000i\000e\000f\000\040\000H\000i\000s\000t\000o\000r\000y\000\040\000o\000f\000\040\000T\000e\000m\000p\000o\000r\000a\000l\000\040\000N\000e\000t\000w\000o\000r\000k\000\040\000A\000n\000a\000l\000y\000s\000i\000s}{section.2.1}% 34
\BOOKMARK [1][-]{section.2.2}{\376\377\000F\000o\000r\000m\000a\000l\000\040\000D\000e\000f\000i\000n\000i\000t\000i\000o\000n\000\040\000o\000f\000\040\000a\000\040\000T\000e\000m\000p\000o\000r\000a\000l\000\040\000N\000e\000t\000w\000o\000r\000k}{chapter.2}% 35
\BOOKMARK [2][-]{subsection.2.2.1}{\376\377\000D\000i\000s\000t\000i\000n\000g\000u\000i\000s\000h\000i\000n\000g\000\040\000T\000e\000m\000p\000o\000r\000a\000l\000\040\000N\000e\000t\000w\000o\000r\000k\000s\000\040\000f\000r\000o\000m\000\040\000R\000e\000l\000a\000t\000e\000d\000\040\000C\000o\000n\000c\000e\000p\000t\000s}{section.2.2}% 36
\BOOKMARK [1][-]{section.2.3}{\376\377\000T\000i\000m\000e\000-\000R\000e\000s\000p\000e\000c\000t\000i\000n\000g\000\040\000P\000a\000t\000h\000s\000:\000\040\000T\000h\000e\000\040\000C\000a\000u\000s\000a\000l\000\040\000H\000i\000g\000h\000w\000a\000y\000s\000\040\000o\000f\000\040\000E\000p\000i\000d\000e\000m\000i\000c\000s}{chapter.2}% 37
\BOOKMARK [2][-]{subsection.2.3.1}{\376\377\000T\000h\000e\000\040\000R\000e\000l\000a\000y\000\040\000R\000a\000c\000e\000\040\000A\000n\000a\000l\000o\000g\000y}{section.2.3}% 38
\BOOKMARK [2][-]{subsection.2.3.2}{\376\377\000F\000o\000r\000m\000a\000l\000\040\000D\000e\000f\000i\000n\000i\000t\000i\000o\000n}{section.2.3}% 39
\BOOKMARK [2][-]{subsection.2.3.3}{\376\377\000W\000o\000r\000k\000e\000d\000\040\000E\000x\000a\000m\000p\000l\000e\000:\000\040\000F\000i\000v\000e\000\040\000E\000v\000e\000n\000t\000s\000,\000\040\000V\000a\000l\000i\000d\000\040\000a\000n\000d\000\040\000I\000n\000v\000a\000l\000i\000d\000\040\000P\000a\000t\000h\000s}{section.2.3}% 40
\BOOKMARK [1][-]{section.2.4}{\376\377\000T\000h\000e\000\040\000t\000\040\000C\000o\000n\000s\000t\000r\000a\000i\000n\000t\000:\000\040\000M\000o\000d\000e\000l\000l\000i\000n\000g\000\040\000t\000h\000e\000\040\000I\000n\000f\000e\000c\000t\000i\000o\000u\000s\000\040\000P\000e\000r\000i\000o\000d}{chapter.2}% 41
\BOOKMARK [2][-]{subsection.2.4.1}{\376\377\000W\000h\000y\000\040\000W\000e\000\040\000N\000e\000e\000d\000\040\000a\000n\000\040\000A\000d\000d\000i\000t\000i\000o\000n\000a\000l\000\040\000C\000o\000n\000s\000t\000r\000a\000i\000n\000t}{section.2.4}% 42
\BOOKMARK [2][-]{subsection.2.4.2}{\376\377\000N\000u\000m\000e\000r\000i\000c\000a\000l\000\040\000E\000x\000a\000m\000p\000l\000e\000:\000\040\000C\000u\000t\000t\000i\000n\000g\000\040\000P\000a\000t\000h\000s\000\040\000w\000i\000t\000h\000\040\000t\000\040\000=\000\040\0002}{section.2.4}% 43
\BOOKMARK [1][-]{section.2.5}{\376\377\000T\000e\000m\000p\000o\000r\000a\000l\000\040\000v\000s\000.\000\040\000S\000t\000a\000t\000i\000c\000\040\000R\000e\000a\000c\000h\000a\000b\000i\000l\000i\000t\000y\000:\000\040\000T\000h\000e\000\040\000N\000u\000m\000b\000e\000r\000s\000\040\000T\000h\000a\000t\000\040\000D\000i\000f\000f\000e\000r}{chapter.2}% 44
\BOOKMARK [2][-]{subsection.2.5.1}{\376\377\000A\000\040\000F\000o\000u\000r\000-\000N\000o\000d\000e\000,\000\040\000F\000i\000v\000e\000-\000E\000v\000e\000n\000t\000\040\000E\000x\000a\000m\000p\000l\000e}{section.2.5}% 45
\BOOKMARK [2][-]{subsection.2.5.2}{\376\377\000C\000o\000m\000p\000u\000t\000i\000n\000g\000\040\000S\000t\000a\000t\000i\000c\000\040\000R\000e\000a\000c\000h\000a\000b\000i\000l\000i\000t\000y}{section.2.5}% 46
\BOOKMARK [2][-]{subsection.2.5.3}{\376\377\000C\000o\000m\000p\000u\000t\000i\000n\000g\000\040\000T\000e\000m\000p\000o\000r\000a\000l\000\040\000R\000e\000a\000c\000h\000a\000b\000i\000l\000i\000t\000y}{section.2.5}% 47
\BOOKMARK [2][-]{subsection.2.5.4}{\376\377\000S\000i\000d\000e\000-\000b\000y\000-\000S\000i\000d\000e\000\040\000C\000o\000m\000p\000a\000r\000i\000s\000o\000n}{section.2.5}% 48
\BOOKMARK [1][-]{section.2.6}{\376\377\000A\000d\000j\000a\000c\000e\000n\000c\000y\000\040\000R\000e\000p\000r\000e\000s\000e\000n\000t\000a\000t\000i\000o\000n\000\040\000o\000f\000\040\000T\000e\000m\000p\000o\000r\000a\000l\000\040\000N\000e\000t\000w\000o\000r\000k\000s}{chapter.2}% 49
\BOOKMARK [2][-]{subsection.2.6.1}{\376\377\000T\000h\000e\000\040\000A\000d\000j\000a\000c\000e\000n\000c\000y\000\040\000T\000e\000n\000s\000o\000r\000\040\000A\000\050\000t\000\051}{section.2.6}% 50
\BOOKMARK [2][-]{subsection.2.6.2}{\376\377\000T\000h\000e\000\040\000C\000O\000O\000\040\000F\000o\000r\000m\000a\000t\000:\000\040\000H\000o\000w\000\040\000C\000o\000m\000p\000u\000t\000e\000r\000s\000\040\000S\000t\000o\000r\000e\000\040\000S\000p\000a\000r\000s\000e\000\040\000T\000e\000m\000p\000o\000r\000a\000l\000\040\000G\000r\000a\000p\000h\000s}{section.2.6}% 51
\BOOKMARK [1][-]{section.2.7}{\376\377\000T\000e\000m\000p\000o\000r\000a\000l\000\040\000C\000e\000n\000t\000r\000a\000l\000i\000t\000y\000\040\000M\000e\000t\000r\000i\000c\000s}{chapter.2}% 52
\BOOKMARK [2][-]{subsection.2.7.1}{\376\377\000T\000e\000m\000p\000o\000r\000a\000l\000\040\000D\000e\000g\000r\000e\000e}{section.2.7}% 53
\BOOKMARK [2][-]{subsection.2.7.2}{\376\377\000T\000e\000m\000p\000o\000r\000a\000l\000\040\000B\000e\000t\000w\000e\000e\000n\000n\000e\000s\000s\000\040\000C\000e\000n\000t\000r\000a\000l\000i\000t\000y}{section.2.7}% 54
\BOOKMARK [1][-]{section.2.8}{\376\377\000I\000n\000t\000e\000r\000-\000E\000v\000e\000n\000t\000\040\000T\000i\000m\000e\000\040\000D\000i\000s\000t\000r\000i\000b\000u\000t\000i\000o\000n\000s\000\040\000a\000n\000d\000\040\000B\000u\000r\000s\000t\000i\000n\000e\000s\000s}{chapter.2}% 55
\BOOKMARK [2][-]{subsection.2.8.1}{\376\377\000W\000h\000a\000t\000\040\000i\000s\000\040\000a\000n\000\040\000I\000n\000t\000e\000r\000-\000E\000v\000e\000n\000t\000\040\000T\000i\000m\000e\000?}{section.2.8}% 56
\BOOKMARK [2][-]{subsection.2.8.2}{\376\377\000P\000o\000i\000s\000s\000o\000n\000\040\000v\000s\000.\000\040\000B\000u\000r\000s\000t\000y\000\040\000C\000o\000n\000t\000a\000c\000t\000\040\000P\000a\000t\000t\000e\000r\000n\000s}{section.2.8}% 57
\BOOKMARK [2][-]{subsection.2.8.3}{\376\377\000Q\000u\000a\000n\000t\000i\000f\000y\000i\000n\000g\000\040\000B\000u\000r\000s\000t\000i\000n\000e\000s\000s\000:\000\040\000T\000h\000e\000\040\000B\000\040\000P\000a\000r\000a\000m\000e\000t\000e\000r}{section.2.8}% 58
\BOOKMARK [1][-]{section.2.9}{\376\377\000H\000o\000w\000\040\000t\000h\000e\000\040\000C\000o\000d\000e\000b\000a\000s\000e\000\040\000R\000e\000p\000r\000e\000s\000e\000n\000t\000s\000\040\000T\000e\000m\000p\000o\000r\000a\000l\000\040\000N\000e\000t\000w\000o\000r\000k\000s}{chapter.2}% 59
\BOOKMARK [2][-]{subsection.2.9.1}{\376\377\000T\000h\000e\000\040\000E\000v\000e\000n\000t\000\040\000L\000i\000s\000t\000\040\000F\000o\000r\000m\000a\000t}{section.2.9}% 60
\BOOKMARK [2][-]{subsection.2.9.2}{\376\377\000L\000o\000a\000d\000i\000n\000g\000\040\000t\000h\000e\000\040\000N\000e\000t\000w\000o\000r\000k}{section.2.9}% 61
\BOOKMARK [2][-]{subsection.2.9.3}{\376\377\000T\000h\000e\000\040\000T\000S\000I\000R\000D\000a\000t\000a\000\040\000D\000a\000t\000a\000c\000l\000a\000s\000s}{section.2.9}% 62
\BOOKMARK [1][-]{section.2.10}{\376\377\000S\000t\000a\000t\000i\000c\000\040\000P\000r\000o\000j\000e\000c\000t\000i\000o\000n\000\040\000a\000n\000d\000\040\000I\000n\000f\000o\000r\000m\000a\000t\000i\000o\000n\000\040\000L\000o\000s\000s}{chapter.2}% 63
\BOOKMARK [1][-]{section.2.11}{\376\377\000T\000h\000e\000\040\000T\000e\000m\000p\000o\000r\000a\000l\000\040\000E\000v\000e\000n\000t\000\040\000G\000r\000a\000p\000h\000:\000\040\000A\000\040\000F\000o\000r\000w\000a\000r\000d\000\040\000P\000o\000i\000n\000t\000e\000r}{chapter.2}% 64
\BOOKMARK [1][-]{section.2.12}{\376\377\000S\000u\000m\000m\000a\000r\000y}{chapter.2}% 65
\BOOKMARK [0][-]{chapter.3}{\376\377\000E\000p\000i\000d\000e\000m\000i\000c\000\040\000M\000o\000d\000e\000l\000s\000:\000\040\000H\000o\000w\000\040\000D\000i\000s\000e\000a\000s\000e\000s\000\040\000S\000p\000r\000e\000a\000d}{part.1}% 66
\BOOKMARK [1][-]{section.3.1}{\376\377\000W\000h\000y\000\040\000W\000e\000\040\000N\000e\000e\000d\000\040\000M\000o\000d\000e\000l\000s\000:\000\040\000A\000\040\000M\000o\000t\000i\000v\000a\000t\000i\000n\000g\000\040\000S\000t\000o\000r\000y}{chapter.3}% 67
\BOOKMARK [1][-]{section.3.2}{\376\377\000T\000h\000e\000\040\000S\000I\000R\000\040\000M\000o\000d\000e\000l\000\040\000f\000r\000o\000m\000\040\000F\000i\000r\000s\000t\000\040\000P\000r\000i\000n\000c\000i\000p\000l\000e\000s}{chapter.3}% 68
\BOOKMARK [2][-]{subsection.3.2.1}{\376\377\000T\000h\000r\000e\000e\000\040\000S\000t\000a\000t\000e\000s\000:\000\040\000W\000h\000a\000t\000\040\000E\000a\000c\000h\000\040\000P\000e\000r\000s\000o\000n\000\040\000C\000a\000n\000\040\000B\000e}{section.3.2}% 69
\BOOKMARK [2][-]{subsection.3.2.2}{\376\377\000T\000h\000e\000\040\000S\000t\000a\000t\000e\000\040\000M\000a\000c\000h\000i\000n\000e\000:\000\040\000H\000o\000w\000\040\000P\000e\000o\000p\000l\000e\000\040\000M\000o\000v\000e\000\040\000B\000e\000t\000w\000e\000e\000n\000\040\000S\000t\000a\000t\000e\000s}{section.3.2}% 70
\BOOKMARK [2][-]{subsection.3.2.3}{\376\377\000T\000w\000o\000\040\000P\000a\000r\000a\000m\000e\000t\000e\000r\000s\000:\000\040\000\040\000a\000n\000d\000\040}{section.3.2}% 71
\BOOKMARK [2][-]{subsection.3.2.4}{\376\377\000T\000h\000e\000\040\000D\000i\000f\000f\000e\000r\000e\000n\000t\000i\000a\000l\000\040\000E\000q\000u\000a\000t\000i\000o\000n\000s\000:\000\040\000R\000a\000t\000e\000\040\000o\000f\000\040\000C\000h\000a\000n\000g\000e\000\040\000o\000f\000\040\000E\000a\000c\000h\000\040\000C\000o\000m\000p\000a\000r\000t\000m\000e\000n\000t}{section.3.2}% 72
\BOOKMARK [2][-]{subsection.3.2.5}{\376\377\000N\000u\000m\000e\000r\000i\000c\000a\000l\000\040\000S\000i\000m\000u\000l\000a\000t\000i\000o\000n\000\040\000b\000y\000\040\000H\000a\000n\000d\000:\000\040\000E\000u\000l\000e\000r\000'\000s\000\040\000M\000e\000t\000h\000o\000d}{section.3.2}% 73
\BOOKMARK [2][-]{subsection.3.2.6}{\376\377\000T\000h\000e\000\040\000B\000a\000s\000i\000c\000\040\000R\000e\000p\000r\000o\000d\000u\000c\000t\000i\000o\000n\000\040\000N\000u\000m\000b\000e\000r\000\040\000R\0000}{section.3.2}% 74
\BOOKMARK [1][-]{section.3.3}{\376\377\000T\000h\000e\000\040\000S\000I\000R\000\040\000M\000o\000d\000e\000l\000\040\000o\000n\000\040\000N\000e\000t\000w\000o\000r\000k\000s\000\040\000\050\000N\000e\000t\000w\000o\000r\000k\000\040\000S\000I\000R\000\051}{chapter.3}% 75
\BOOKMARK [2][-]{subsection.3.3.1}{\376\377\000W\000h\000y\000\040\000t\000h\000e\000\040\000W\000e\000l\000l\000-\000M\000i\000x\000e\000d\000\040\000A\000s\000s\000u\000m\000p\000t\000i\000o\000n\000\040\000F\000a\000i\000l\000s}{section.3.3}% 76
\BOOKMARK [2][-]{subsection.3.3.2}{\376\377\000N\000e\000t\000w\000o\000r\000k\000\040\000S\000I\000R\000:\000\040\000O\000n\000e\000\040\000S\000t\000a\000t\000e\000\040\000p\000e\000r\000\040\000N\000o\000d\000e}{section.3.3}% 77
\BOOKMARK [2][-]{subsection.3.3.3}{\376\377\000P\000e\000r\000-\000N\000o\000d\000e\000\040\000I\000n\000f\000e\000c\000t\000i\000o\000n\000\040\000P\000r\000o\000b\000a\000b\000i\000l\000i\000t\000y}{section.3.3}% 78
\BOOKMARK [2][-]{subsection.3.3.4}{\376\377\000H\000o\000w\000\040\000t\000h\000e\000\040\000N\000e\000t\000w\000o\000r\000k\000\040\000C\000h\000a\000n\000g\000e\000s\000\040\000S\000p\000r\000e\000a\000d\000i\000n\000g\000\040\000D\000y\000n\000a\000m\000i\000c\000s}{section.3.3}% 79
\BOOKMARK [1][-]{section.3.4}{\376\377\000T\000e\000m\000p\000o\000r\000a\000l\000\040\000S\000I\000R\000\040\000o\000n\000\040\000T\000e\000m\000p\000o\000r\000a\000l\000\040\000N\000e\000t\000w\000o\000r\000k\000s}{chapter.3}% 80
\BOOKMARK [2][-]{subsection.3.4.1}{\376\377\000W\000h\000y\000\040\000t\000h\000e\000\040\000O\000r\000d\000e\000r\000\040\000o\000f\000\040\000C\000o\000n\000t\000a\000c\000t\000s\000\040\000M\000a\000t\000t\000e\000r\000s}{section.3.4}% 81
\BOOKMARK [2][-]{subsection.3.4.2}{\376\377\000T\000e\000m\000p\000o\000r\000a\000l\000\040\000N\000e\000t\000w\000o\000r\000k\000s\000\040\000a\000s\000\040\000E\000v\000e\000n\000t\000\040\000S\000e\000q\000u\000e\000n\000c\000e\000s}{section.3.4}% 82
\BOOKMARK [2][-]{subsection.3.4.3}{\376\377\000D\000i\000s\000c\000r\000e\000t\000e\000-\000T\000i\000m\000e\000\040\000T\000e\000m\000p\000o\000r\000a\000l\000\040\000S\000I\000R\000:\000\040\000T\000h\000e\000\040\000S\000i\000m\000u\000l\000a\000t\000i\000o\000n\000\040\000R\000u\000l\000e}{section.3.4}% 83
\BOOKMARK [1][-]{section.3.5}{\376\377\000S\000t\000o\000c\000h\000a\000s\000t\000i\000c\000\040\000S\000i\000m\000u\000l\000a\000t\000i\000o\000n\000s\000\040\000\050\000M\000o\000n\000t\000e\000\040\000C\000a\000r\000l\000o\000\051}{chapter.3}% 84
\BOOKMARK [2][-]{subsection.3.5.1}{\376\377\000W\000h\000y\000\040\000O\000n\000e\000\040\000R\000u\000n\000\040\000I\000s\000\040\000N\000o\000t\000\040\000E\000n\000o\000u\000g\000h}{section.3.5}% 85
\BOOKMARK [2][-]{subsection.3.5.2}{\376\377\000T\000e\000r\000m\000i\000n\000o\000l\000o\000g\000y\000:\000\040\000n\000\137\000r\000u\000n\000s\000\040\000a\000n\000d\000\040\000m\000c\000\137\000r\000u\000n\000s}{section.3.5}% 86
\BOOKMARK [2][-]{subsection.3.5.3}{\376\377\000P\000s\000e\000u\000d\000o\000c\000o\000d\000e\000\040\000f\000o\000r\000\040\000a\000\040\000S\000i\000n\000g\000l\000e\000\040\000T\000e\000m\000p\000o\000r\000a\000l\000\040\000S\000I\000R\000\040\000S\000i\000m\000u\000l\000a\000t\000i\000o\000n}{section.3.5}% 87
\BOOKMARK [2][-]{subsection.3.5.4}{\376\377\000T\000h\000e\000\040\000O\000u\000t\000p\000u\000t\000:\000\040\000B\000i\000n\000a\000r\000y\000\040\000A\000r\000r\000a\000y\000s\000\040\000a\000n\000d\000\040\000T\000h\000e\000i\000r\000\040\000S\000h\000a\000p\000e}{section.3.5}% 88
\BOOKMARK [1][-]{section.3.6}{\376\377\000T\000h\000e\000\040\000T\000S\000I\000R\000\040\000C\000\040\000I\000m\000p\000l\000e\000m\000e\000n\000t\000a\000t\000i\000o\000n}{chapter.3}% 89
\BOOKMARK [2][-]{subsection.3.6.1}{\376\377\000W\000h\000y\000\040\000C\000\040\000f\000o\000r\000\040\000S\000i\000m\000u\000l\000a\000t\000i\000o\000n\000?}{section.3.6}% 90
\BOOKMARK [2][-]{subsection.3.6.2}{\376\377\000T\000h\000e\000\040\000P\000y\000t\000h\000o\000n\000\040\000W\000r\000a\000p\000p\000e\000r\000:\000\040\000H\000o\000w\000\040\000t\000o\000\040\000C\000a\000l\000l\000\040\000t\000h\000e\000\040\000S\000i\000m\000u\000l\000a\000t\000i\000o\000n}{section.3.6}% 91
\BOOKMARK [2][-]{subsection.3.6.3}{\376\377\000T\000h\000e\000\040\000G\000r\000o\000u\000n\000d\000-\000T\000r\000u\000t\000h\000\040\000a\000n\000d\000\040\000M\000o\000n\000t\000e\000\040\000C\000a\000r\000l\000o\000\040\000F\000u\000n\000c\000t\000i\000o\000n\000s}{section.3.6}% 92
\BOOKMARK [2][-]{subsection.3.6.4}{\376\377\000T\000h\000e\000\040\000T\000S\000I\000R\000D\000a\000t\000a\000\040\000D\000a\000t\000a\000c\000l\000a\000s\000s\000:\000\040\000C\000e\000n\000t\000r\000a\000l\000i\000z\000e\000d\000\040\000D\000a\000t\000a\000\040\000A\000c\000c\000e\000s\000s}{section.3.6}% 93
\BOOKMARK [1][-]{section.3.7}{\376\377\000T\000h\000e\000\040\000S\000o\000u\000r\000c\000e\000\040\000D\000e\000t\000e\000c\000t\000i\000o\000n\000\040\000P\000r\000o\000b\000l\000e\000m\000:\000\040\000F\000o\000r\000m\000a\000l\000\040\000S\000t\000a\000t\000e\000m\000e\000n\000t}{chapter.3}% 94
\BOOKMARK [2][-]{subsection.3.7.1}{\376\377\000T\000h\000e\000\040\000S\000e\000t\000u\000p}{section.3.7}% 95
\BOOKMARK [2][-]{subsection.3.7.2}{\376\377\000T\000h\000e\000\040\000S\000o\000u\000r\000c\000e\000\040\000D\000e\000t\000e\000c\000t\000i\000o\000n\000\040\000P\000r\000o\000b\000l\000e\000m}{section.3.7}% 96
\BOOKMARK [2][-]{subsection.3.7.3}{\376\377\000C\000o\000m\000p\000u\000t\000i\000n\000g\000\040\000t\000h\000e\000\040\000L\000i\000k\000e\000l\000i\000h\000o\000o\000d\000:\000\040\000T\000h\000e\000\040\000S\000i\000m\000u\000l\000a\000t\000i\000o\000n\000-\000B\000a\000s\000e\000d\000\040\000A\000p\000p\000r\000o\000a\000c\000h}{section.3.7}% 97
\BOOKMARK [2][-]{subsection.3.7.4}{\376\377\000W\000h\000y\000\040\000M\000L\000E\000\040\000A\000l\000o\000n\000e\000\040\000I\000s\000\040\000T\000o\000o\000\040\000S\000l\000o\000w}{section.3.7}% 98
\BOOKMARK [1][-]{section.3.8}{\376\377\000T\000h\000e\000\040\000B\000a\000s\000i\000c\000\040\000R\000e\000p\000r\000o\000d\000u\000c\000t\000i\000o\000n\000\040\000N\000u\000m\000b\000e\000r\000\040\000R\0000\000:\000\040\000D\000e\000e\000p\000e\000r\000\040\000A\000n\000a\000l\000y\000s\000i\000s}{chapter.3}% 99
\BOOKMARK [2][-]{subsection.3.8.1}{\376\377\000D\000e\000r\000i\000v\000i\000n\000g\000\040\000R\0000\000\040\000f\000r\000o\000m\000\040\000t\000h\000e\000\040\000S\000I\000R\000\040\000E\000q\000u\000a\000t\000i\000o\000n\000s}{section.3.8}% 100
\BOOKMARK [2][-]{subsection.3.8.2}{\376\377\000R\0000\000\040\000o\000n\000\040\000H\000e\000t\000e\000r\000o\000g\000e\000n\000e\000o\000u\000s\000\040\000N\000e\000t\000w\000o\000r\000k\000s\000:\000\040\000T\000h\000e\000\040\000E\000f\000f\000e\000c\000t\000\040\000o\000f\000\040\000H\000u\000b\000s}{section.3.8}% 101
\BOOKMARK [1][-]{section.3.9}{\376\377\000C\000h\000a\000p\000t\000e\000r\000\040\000S\000u\000m\000m\000a\000r\000y}{chapter.3}% 102
\BOOKMARK [-1][-]{part.2}{\376\377\000I\000I\000\040\000S\000o\000u\000r\000c\000e\000\040\000D\000e\000t\000e\000c\000t\000i\000o\000n\000\040\000T\000h\000e\000o\000r\000y}{}% 103
\BOOKMARK [0][-]{chapter.4}{\376\377\000S\000o\000u\000r\000c\000e\000\040\000D\000e\000t\000e\000c\000t\000i\000o\000n\000:\000\040\000F\000i\000n\000d\000i\000n\000g\000\040\000P\000a\000t\000i\000e\000n\000t\000\040\000Z\000e\000r\000o}{part.2}% 104
\BOOKMARK [1][-]{section.4.1}{\376\377\000T\000h\000e\000\040\000D\000e\000t\000e\000c\000t\000i\000v\000e\000\040\000A\000n\000a\000l\000o\000g\000y}{chapter.4}% 105
\BOOKMARK [1][-]{section.4.2}{\376\377\000F\000o\000r\000m\000a\000l\000\040\000P\000r\000o\000b\000l\000e\000m\000\040\000S\000t\000a\000t\000e\000m\000e\000n\000t}{chapter.4}% 106
\BOOKMARK [2][-]{subsection.4.2.1}{\376\377\000T\000h\000e\000\040\000N\000e\000t\000w\000o\000r\000k}{section.4.2}% 107
\BOOKMARK [2][-]{subsection.4.2.2}{\376\377\000T\000h\000e\000\040\000O\000b\000s\000e\000r\000v\000a\000t\000i\000o\000n}{section.4.2}% 108
\BOOKMARK [2][-]{subsection.4.2.3}{\376\377\000T\000h\000e\000\040\000G\000o\000a\000l}{section.4.2}% 109
\BOOKMARK [1][-]{section.4.3}{\376\377\000B\000a\000y\000e\000s\000'\000\040\000T\000h\000e\000o\000r\000e\000m\000:\000\040\000T\000h\000e\000\040\000M\000a\000t\000h\000e\000m\000a\000t\000i\000c\000a\000l\000\040\000F\000r\000a\000m\000e\000w\000o\000r\000k}{chapter.4}% 110
\BOOKMARK [2][-]{subsection.4.3.1}{\376\377\000W\000h\000a\000t\000\040\000B\000a\000y\000e\000s\000'\000\040\000T\000h\000e\000o\000r\000e\000m\000\040\000S\000a\000y\000s}{section.4.3}% 111
\BOOKMARK [2][-]{subsection.4.3.2}{\376\377\000A\000p\000p\000l\000y\000i\000n\000g\000\040\000B\000a\000y\000e\000s\000\040\000t\000o\000\040\000S\000o\000u\000r\000c\000e\000\040\000D\000e\000t\000e\000c\000t\000i\000o\000n}{section.4.3}% 112
\BOOKMARK [2][-]{subsection.4.3.3}{\376\377\000N\000o\000n\000-\000U\000n\000i\000f\000o\000r\000m\000\040\000P\000r\000i\000o\000r\000s}{section.4.3}% 113
\BOOKMARK [1][-]{section.4.4}{\376\377\000M\000a\000x\000i\000m\000u\000m\000\040\000L\000i\000k\000e\000l\000i\000h\000o\000o\000d\000\040\000E\000s\000t\000i\000m\000a\000t\000i\000o\000n\000\040\000v\000i\000a\000\040\000S\000i\000m\000u\000l\000a\000t\000i\000o\000n}{chapter.4}% 114
\BOOKMARK [2][-]{subsection.4.4.1}{\376\377\000T\000h\000e\000\040\000E\000x\000a\000c\000t\000\040\000C\000o\000m\000p\000u\000t\000a\000t\000i\000o\000n\000\040\000i\000s\000\040\000I\000n\000t\000r\000a\000c\000t\000a\000b\000l\000e}{section.4.4}% 115
\BOOKMARK [2][-]{subsection.4.4.2}{\376\377\000M\000o\000n\000t\000e\000\040\000C\000a\000r\000l\000o\000\040\000E\000s\000t\000i\000m\000a\000t\000i\000o\000n\000:\000\040\000T\000h\000e\000\040\000S\000i\000m\000u\000l\000a\000t\000i\000o\000n\000\040\000A\000p\000p\000r\000o\000a\000c\000h}{section.4.4}% 116
\BOOKMARK [2][-]{subsection.4.4.3}{\376\377\000A\000\040\000W\000o\000r\000k\000e\000d\000\040\000E\000x\000a\000m\000p\000l\000e\000:\000\040\000M\000L\000E\000\040\000o\000n\000\040\000a\000\040\0004\000-\000N\000o\000d\000e\000\040\000N\000e\000t\000w\000o\000r\000k}{section.4.4}% 117
\BOOKMARK [2][-]{subsection.4.4.4}{\376\377\000T\000h\000e\000\040\000C\000o\000m\000p\000u\000t\000a\000t\000i\000o\000n\000a\000l\000\040\000C\000o\000s\000t\000\040\000o\000f\000\040\000B\000r\000u\000t\000e\000-\000F\000o\000r\000c\000e\000\040\000M\000L\000E}{section.4.4}% 118
\BOOKMARK [1][-]{section.4.5}{\376\377\000T\000h\000e\000\040\000S\000o\000f\000t\000\040\000M\000a\000t\000c\000h\000i\000n\000g\000\040\000P\000r\000o\000b\000l\000e\000m}{chapter.4}% 119
\BOOKMARK [2][-]{subsection.4.5.1}{\376\377\000W\000h\000y\000\040\000E\000x\000a\000c\000t\000\040\000M\000a\000t\000c\000h\000i\000n\000g\000\040\000F\000a\000i\000l\000s}{section.4.5}% 120
\BOOKMARK [2][-]{subsection.4.5.2}{\376\377\000S\000o\000f\000t\000\040\000M\000a\000t\000c\000h\000i\000n\000g\000\040\000w\000i\000t\000h\000\040\000O\000v\000e\000r\000l\000a\000p\000\040\000M\000e\000t\000r\000i\000c\000s}{section.4.5}% 121
\BOOKMARK [2][-]{subsection.4.5.3}{\376\377\000T\000h\000e\000\040\000S\000o\000f\000t\000\040\000M\000a\000r\000g\000i\000n\000\040\000E\000s\000t\000i\000m\000a\000t\000o\000r\000\040\000\050\000S\000M\000E\000\051}{section.4.5}% 122
\BOOKMARK [1][-]{section.4.6}{\376\377\000C\000h\000a\000l\000l\000e\000n\000g\000e\000s\000\040\000i\000n\000\040\000S\000o\000u\000r\000c\000e\000\040\000D\000e\000t\000e\000c\000t\000i\000o\000n}{chapter.4}% 123
\BOOKMARK [2][-]{subsection.4.6.1}{\376\377\000C\000h\000a\000l\000l\000e\000n\000g\000e\000\040\0001\000:\000\040\000P\000a\000r\000t\000i\000a\000l\000\040\000O\000b\000s\000e\000r\000v\000a\000t\000i\000o\000n}{section.4.6}% 124
\BOOKMARK [2][-]{subsection.4.6.2}{\376\377\000C\000h\000a\000l\000l\000e\000n\000g\000e\000\040\0002\000:\000\040\000L\000a\000t\000e\000\040\000O\000b\000s\000e\000r\000v\000a\000t\000i\000o\000n}{section.4.6}% 125
\BOOKMARK [2][-]{subsection.4.6.3}{\376\377\000C\000h\000a\000l\000l\000e\000n\000g\000e\000\040\0003\000:\000\040\000N\000e\000t\000w\000o\000r\000k\000\040\000H\000e\000t\000e\000r\000o\000g\000e\000n\000e\000i\000t\000y}{section.4.6}% 126
\BOOKMARK [2][-]{subsection.4.6.4}{\376\377\000C\000h\000a\000l\000l\000e\000n\000g\000e\000\040\0004\000:\000\040\000T\000e\000m\000p\000o\000r\000a\000l\000\040\000A\000m\000b\000i\000g\000u\000i\000t\000y}{section.4.6}% 127
\BOOKMARK [1][-]{section.4.7}{\376\377\000E\000v\000a\000l\000u\000a\000t\000i\000o\000n\000\040\000M\000e\000t\000r\000i\000c\000s}{chapter.4}% 128
\BOOKMARK [2][-]{subsection.4.7.1}{\376\377\000S\000e\000t\000u\000p\000:\000\040\000S\000c\000o\000r\000e\000s\000\040\000a\000n\000d\000\040\000R\000a\000n\000k\000s}{section.4.7}% 129
\BOOKMARK [2][-]{subsection.4.7.2}{\376\377\000R\000a\000n\000k\000\040\000S\000c\000o\000r\000e}{section.4.7}% 130
\BOOKMARK [2][-]{subsection.4.7.3}{\376\377\000T\000o\000p\000-\000k\000\040\000S\000c\000o\000r\000e}{section.4.7}% 131
\BOOKMARK [2][-]{subsection.4.7.4}{\376\377\000M\000e\000a\000n\000\040\000R\000a\000n\000k\000\040\000S\000c\000o\000r\000e}{section.4.7}% 132
\BOOKMARK [2][-]{subsection.4.7.5}{\376\377\000A\000d\000d\000i\000t\000i\000o\000n\000a\000l\000\040\000M\000e\000t\000r\000i\000c\000s\000\040\000i\000n\000\040\000t\000h\000e\000\040\000C\000o\000d\000e\000b\000a\000s\000e}{section.4.7}% 133
\BOOKMARK [1][-]{section.4.8}{\376\377\000C\000a\000n\000d\000i\000d\000a\000t\000e\000\040\000S\000o\000u\000r\000c\000e\000\040\000F\000i\000l\000t\000e\000r\000i\000n\000g}{chapter.4}% 134
\BOOKMARK [2][-]{subsection.4.8.1}{\376\377\000T\000h\000e\000\040\000`\000`\000P\000o\000s\000s\000i\000b\000l\000e\000'\000'\000\040\000F\000i\000l\000t\000e\000r}{section.4.8}% 135
\BOOKMARK [2][-]{subsection.4.8.2}{\376\377\000T\000h\000e\000\040\000`\000`\000M\000a\000x\000i\000m\000a\000l\000\040\000O\000u\000t\000b\000r\000e\000a\000k\000'\000'\000\040\000F\000i\000l\000t\000e\000r}{section.4.8}% 136
\BOOKMARK [1][-]{section.4.9}{\376\377\000T\000h\000e\000\040\000C\000o\000m\000p\000u\000t\000a\000t\000i\000o\000n\000a\000l\000\040\000C\000h\000a\000l\000l\000e\000n\000g\000e}{chapter.4}% 137
\BOOKMARK [2][-]{subsection.4.9.1}{\376\377\000B\000a\000c\000k\000-\000o\000f\000-\000t\000h\000e\000-\000E\000n\000v\000e\000l\000o\000p\000e\000\040\000C\000a\000l\000c\000u\000l\000a\000t\000i\000o\000n}{section.4.9}% 138
\BOOKMARK [2][-]{subsection.4.9.2}{\376\377\000W\000h\000y\000\040\000W\000e\000\040\000N\000e\000e\000d\000\040\000F\000a\000s\000t\000e\000r\000\040\000M\000e\000t\000h\000o\000d\000s}{section.4.9}% 139
\BOOKMARK [1][-]{section.4.10}{\376\377\000T\000h\000e\000\040\000I\000n\000v\000e\000r\000s\000e\000\040\000P\000r\000o\000b\000l\000e\000m\000:\000\040\000A\000\040\000S\000t\000r\000u\000c\000t\000u\000r\000a\000l\000\040\000V\000i\000e\000w}{chapter.4}% 140
\BOOKMARK [2][-]{subsection.4.10.1}{\376\377\000T\000h\000e\000\040\000F\000o\000r\000w\000a\000r\000d\000\040\000a\000n\000d\000\040\000I\000n\000v\000e\000r\000s\000e\000\040\000D\000i\000r\000e\000c\000t\000i\000o\000n\000s}{section.4.10}% 141
\BOOKMARK [2][-]{subsection.4.10.2}{\376\377\000W\000h\000a\000t\000\040\000M\000a\000k\000e\000s\000\040\000a\000\040\000S\000o\000u\000r\000c\000e\000\040\000D\000e\000t\000e\000c\000t\000a\000b\000l\000e\000?}{section.4.10}% 142
\BOOKMARK [1][-]{section.4.11}{\376\377\000C\000h\000a\000p\000t\000e\000r\000\040\000S\000u\000m\000m\000a\000r\000y}{chapter.4}% 143
\BOOKMARK [0][-]{chapter.5}{\376\377\000C\000l\000a\000s\000s\000i\000c\000a\000l\000\040\000S\000o\000u\000r\000c\000e\000\040\000D\000e\000t\000e\000c\000t\000i\000o\000n\000\040\000A\000l\000g\000o\000r\000i\000t\000h\000m\000s}{part.2}% 144
\BOOKMARK [1][-]{section.5.1}{\376\377\000O\000v\000e\000r\000v\000i\000e\000w\000:\000\040\000A\000\040\000M\000a\000p\000\040\000o\000f\000\040\000C\000l\000a\000s\000s\000i\000c\000a\000l\000\040\000M\000e\000t\000h\000o\000d\000s}{chapter.5}% 145
\BOOKMARK [1][-]{section.5.2}{\376\377\000B\000a\000s\000e\000l\000i\000n\000e\000\040\0001\000:\000\040\000U\000n\000i\000f\000o\000r\000m\000\040\000R\000a\000n\000d\000o\000m\000\040\000G\000u\000e\000s\000s}{chapter.5}% 146
\BOOKMARK [2][-]{subsection.5.2.1}{\376\377\000T\000h\000e\000\040\000I\000d\000e\000a}{section.5.2}% 147
\BOOKMARK [2][-]{subsection.5.2.2}{\376\377\000T\000h\000e\000\040\000R\000a\000n\000k\000\040\000S\000c\000o\000r\000e\000\040\000M\000e\000t\000r\000i\000c}{section.5.2}% 148
\BOOKMARK [2][-]{subsection.5.2.3}{\376\377\000I\000m\000p\000l\000e\000m\000e\000n\000t\000a\000t\000i\000o\000n\000\040\000i\000n\000\040\000t\000h\000e\000\040\000C\000o\000d\000e\000b\000a\000s\000e}{section.5.2}% 149
\BOOKMARK [1][-]{section.5.3}{\376\377\000B\000a\000s\000e\000l\000i\000n\000e\000\040\0002\000:\000\040\000D\000e\000g\000r\000e\000e\000\040\000C\000e\000n\000t\000r\000a\000l\000i\000t\000y}{chapter.5}% 150
\BOOKMARK [2][-]{subsection.5.3.1}{\376\377\000T\000h\000e\000\040\000I\000d\000e\000a\000\040\000a\000n\000d\000\040\000I\000t\000s\000\040\000J\000u\000s\000t\000i\000f\000i\000c\000a\000t\000i\000o\000n}{section.5.3}% 151
\BOOKMARK [2][-]{subsection.5.3.2}{\376\377\000W\000o\000r\000k\000e\000d\000\040\000E\000x\000a\000m\000p\000l\000e\000\040\000o\000n\000\040\000a\000\040\0005\000-\000N\000o\000d\000e\000\040\000G\000r\000a\000p\000h}{section.5.3}% 152
\BOOKMARK [2][-]{subsection.5.3.3}{\376\377\000T\000h\000e\000\040\000C\000r\000i\000t\000i\000c\000a\000l\000\040\000L\000i\000m\000i\000t\000a\000t\000i\000o\000n\000:\000\040\000B\000l\000i\000n\000d\000n\000e\000s\000s\000\040\000t\000o\000\040\000t\000h\000e\000\040\000O\000b\000s\000e\000r\000v\000a\000t\000i\000o\000n}{section.5.3}% 153
\BOOKMARK [1][-]{section.5.4}{\376\377\000B\000a\000s\000e\000l\000i\000n\000e\000\040\0003\000:\000\040\000J\000o\000r\000d\000a\000n\000\040\000C\000e\000n\000t\000e\000r}{chapter.5}% 154
\BOOKMARK [2][-]{subsection.5.4.1}{\376\377\000M\000o\000t\000i\000v\000a\000t\000i\000o\000n\000:\000\040\000T\000h\000e\000\040\000S\000o\000u\000r\000c\000e\000\040\000I\000s\000\040\000N\000e\000a\000r\000\040\000t\000h\000e\000\040\000C\000e\000n\000t\000e\000r}{section.5.4}% 155
\BOOKMARK [2][-]{subsection.5.4.2}{\376\377\000S\000t\000e\000p\000-\000b\000y\000-\000S\000t\000e\000p\000\040\000E\000x\000a\000m\000p\000l\000e\000\040\000o\000n\000\040\000a\000\040\0006\000-\000N\000o\000d\000e\000\040\000I\000n\000f\000e\000c\000t\000e\000d\000\040\000S\000u\000b\000g\000r\000a\000p\000h}{section.5.4}% 156
\BOOKMARK [2][-]{subsection.5.4.3}{\376\377\000A\000l\000g\000o\000r\000i\000t\000h\000m\000\040\000P\000s\000e\000u\000d\000o\000c\000o\000d\000e}{section.5.4}% 157
\BOOKMARK [2][-]{subsection.5.4.4}{\376\377\000W\000h\000y\000\040\000t\000h\000e\000\040\000J\000o\000r\000d\000a\000n\000\040\000C\000e\000n\000t\000e\000r\000\040\000W\000o\000r\000k\000s\000\040\000\050\000a\000n\000d\000\040\000W\000h\000e\000n\000\040\000I\000t\000\040\000F\000a\000i\000l\000s\000\051}{section.5.4}% 158
\BOOKMARK [1][-]{section.5.5}{\376\377\000B\000a\000s\000e\000l\000i\000n\000e\000\040\0004\000:\000\040\000R\000u\000m\000o\000r\000\040\000C\000e\000n\000t\000r\000a\000l\000i\000t\000y\000\040\000\050\000S\000h\000a\000h\000\040\000\046\000\040\000Z\000a\000m\000a\000n\000,\000\040\0002\0000\0001\0001\000\051}{chapter.5}% 159
\BOOKMARK [2][-]{subsection.5.5.1}{\376\377\000M\000o\000t\000i\000v\000a\000t\000i\000o\000n\000:\000\040\000C\000o\000u\000n\000t\000i\000n\000g\000\040\000I\000n\000f\000e\000c\000t\000i\000o\000n\000\040\000O\000r\000d\000e\000r\000i\000n\000g\000s}{section.5.5}% 160
\BOOKMARK [2][-]{subsection.5.5.2}{\376\377\000F\000o\000r\000m\000a\000l\000\040\000D\000e\000f\000i\000n\000i\000t\000i\000o\000n}{section.5.5}% 161
\BOOKMARK [2][-]{subsection.5.5.3}{\376\377\000W\000o\000r\000k\000e\000d\000\040\000E\000x\000a\000m\000p\000l\000e\000\040\000o\000n\000\040\000a\000\040\0005\000-\000N\000o\000d\000e\000\040\000T\000r\000e\000e}{section.5.5}% 162
\BOOKMARK [2][-]{subsection.5.5.4}{\376\377\000W\000h\000y\000\040\000R\000u\000m\000o\000r\000\040\000C\000e\000n\000t\000r\000a\000l\000i\000t\000y\000\040\000F\000a\000i\000l\000s\000\040\000o\000n\000\040\000T\000e\000m\000p\000o\000r\000a\000l\000\040\000N\000e\000t\000w\000o\000r\000k\000s}{section.5.5}% 163
\BOOKMARK [1][-]{section.5.6}{\376\377\000C\000o\000m\000p\000a\000r\000i\000n\000g\000\040\000A\000l\000l\000\040\000F\000o\000u\000r\000\040\000M\000e\000t\000h\000o\000d\000s\000\040\000o\000n\000\040\000a\000\040\000W\000o\000r\000k\000e\000d\000\040\000E\000x\000a\000m\000p\000l\000e}{chapter.5}% 164
\BOOKMARK [1][-]{section.5.7}{\376\377\000I\000m\000p\000l\000e\000m\000e\000n\000t\000a\000t\000i\000o\000n\000\040\000i\000n\000\040\000t\000h\000e\000\040\000C\000o\000d\000e\000b\000a\000s\000e}{chapter.5}% 165
\BOOKMARK [2][-]{subsection.5.7.1}{\376\377\000H\000o\000w\000\040\000t\000h\000e\000\040\000E\000v\000a\000l\000u\000a\000t\000i\000o\000n\000\040\000P\000i\000p\000e\000l\000i\000n\000e\000\040\000W\000o\000r\000k\000s}{section.5.7}% 166
\BOOKMARK [2][-]{subsection.5.7.2}{\376\377\000U\000n\000i\000f\000o\000r\000m\000\040\000B\000a\000s\000e\000l\000i\000n\000e}{section.5.7}% 167
\BOOKMARK [2][-]{subsection.5.7.3}{\376\377\000R\000a\000n\000k\000\040\000S\000c\000o\000r\000e\000\040\000a\000n\000d\000\040\000T\000o\000p\000-\000k\000\040\000M\000e\000t\000r\000i\000c\000s}{section.5.7}% 168
\BOOKMARK [2][-]{subsection.5.7.4}{\376\377\000P\000u\000t\000t\000i\000n\000g\000\040\000I\000t\000\040\000T\000o\000g\000e\000t\000h\000e\000r\000:\000\040\000W\000h\000a\000t\000\040\000t\000o\000\040\000E\000x\000p\000e\000c\000t\000\040\000f\000r\000o\000m\000\040\000E\000a\000c\000h\000\040\000B\000a\000s\000e\000l\000i\000n\000e}{section.5.7}% 169
\BOOKMARK [1][-]{section.5.8}{\376\377\000C\000h\000a\000p\000t\000e\000r\000\040\000S\000u\000m\000m\000a\000r\000y}{chapter.5}% 170
\BOOKMARK [-1][-]{part.3}{\376\377\000I\000I\000I\000\040\000D\000e\000e\000p\000\040\000L\000e\000a\000r\000n\000i\000n\000g\000\040\000o\000n\000\040\000G\000r\000a\000p\000h\000s}{}% 171
\BOOKMARK [0][-]{chapter.6}{\376\377\000D\000e\000e\000p\000\040\000L\000e\000a\000r\000n\000i\000n\000g\000:\000\040\000T\000e\000a\000c\000h\000i\000n\000g\000\040\000C\000o\000m\000p\000u\000t\000e\000r\000s\000\040\000t\000o\000\040\000L\000e\000a\000r\000n}{part.3}% 172
\BOOKMARK [1][-]{section.6.1}{\376\377\000W\000h\000a\000t\000\040\000i\000s\000\040\000a\000\040\000N\000e\000u\000r\000a\000l\000\040\000N\000e\000t\000w\000o\000r\000k\000?}{chapter.6}% 173
\BOOKMARK [2][-]{subsection.6.1.1}{\376\377\000T\000h\000e\000\040\000B\000i\000o\000l\000o\000g\000i\000c\000a\000l\000\040\000I\000n\000s\000p\000i\000r\000a\000t\000i\000o\000n}{section.6.1}% 174
\BOOKMARK [2][-]{subsection.6.1.2}{\376\377\000T\000h\000e\000\040\000A\000r\000t\000i\000f\000i\000c\000i\000a\000l\000\040\000N\000e\000u\000r\000o\000n\000:\000\040\000O\000n\000e\000\040\000U\000n\000i\000t\000\040\000o\000f\000\040\000C\000o\000m\000p\000u\000t\000a\000t\000i\000o\000n}{section.6.1}% 175
\BOOKMARK [1][-]{section.6.2}{\376\377\000A\000c\000t\000i\000v\000a\000t\000i\000o\000n\000\040\000F\000u\000n\000c\000t\000i\000o\000n\000s}{chapter.6}% 176
\BOOKMARK [2][-]{subsection.6.2.1}{\376\377\000R\000e\000L\000U\000:\000\040\000T\000h\000e\000\040\000M\000o\000s\000t\000\040\000W\000i\000d\000e\000l\000y\000\040\000U\000s\000e\000d\000\040\000A\000c\000t\000i\000v\000a\000t\000i\000o\000n}{section.6.2}% 177
\BOOKMARK [2][-]{subsection.6.2.2}{\376\377\000S\000i\000g\000m\000o\000i\000d\000:\000\040\000S\000q\000u\000a\000s\000h\000i\000n\000g\000\040\000t\000o\000\040\000P\000r\000o\000b\000a\000b\000i\000l\000i\000t\000i\000e\000s}{section.6.2}% 178
\BOOKMARK [2][-]{subsection.6.2.3}{\376\377\000S\000o\000f\000t\000m\000a\000x\000:\000\040\000T\000u\000r\000n\000i\000n\000g\000\040\000S\000c\000o\000r\000e\000s\000\040\000i\000n\000t\000o\000\040\000a\000\040\000P\000r\000o\000b\000a\000b\000i\000l\000i\000t\000y\000\040\000D\000i\000s\000t\000r\000i\000b\000u\000t\000i\000o\000n}{section.6.2}% 179
\BOOKMARK [2][-]{subsection.6.2.4}{\376\377\000L\000o\000g\000-\000S\000o\000f\000t\000m\000a\000x\000:\000\040\000N\000u\000m\000e\000r\000i\000c\000a\000l\000\040\000S\000t\000a\000b\000i\000l\000i\000t\000y\000\040\000i\000n\000\040\000P\000r\000a\000c\000t\000i\000c\000e}{section.6.2}% 180
\BOOKMARK [2][-]{subsection.6.2.5}{\376\377\000P\000R\000e\000L\000U\000:\000\040\000A\000\040\000L\000e\000a\000r\000n\000a\000b\000l\000e\000\040\000A\000c\000t\000i\000v\000a\000t\000i\000o\000n}{section.6.2}% 181
\BOOKMARK [1][-]{section.6.3}{\376\377\000L\000a\000y\000e\000r\000s\000\040\000a\000n\000d\000\040\000t\000h\000e\000\040\000F\000o\000r\000w\000a\000r\000d\000\040\000P\000a\000s\000s}{chapter.6}% 182
\BOOKMARK [2][-]{subsection.6.3.1}{\376\377\000W\000h\000a\000t\000\040\000i\000s\000\040\000a\000\040\000L\000a\000y\000e\000r\000?}{section.6.3}% 183
\BOOKMARK [2][-]{subsection.6.3.2}{\376\377\000A\000\040\000T\000w\000o\000-\000L\000a\000y\000e\000r\000\040\000N\000e\000t\000w\000o\000r\000k}{section.6.3}% 184
\BOOKMARK [2][-]{subsection.6.3.3}{\376\377\000D\000e\000e\000p\000\040\000N\000e\000t\000w\000o\000r\000k\000s\000:\000\040\000S\000t\000a\000c\000k\000i\000n\000g\000\040\000M\000a\000n\000y\000\040\000L\000a\000y\000e\000r\000s}{section.6.3}% 185
\BOOKMARK [1][-]{section.6.4}{\376\377\000L\000o\000s\000s\000\040\000F\000u\000n\000c\000t\000i\000o\000n\000s}{chapter.6}% 186
\BOOKMARK [2][-]{subsection.6.4.1}{\376\377\000C\000r\000o\000s\000s\000-\000E\000n\000t\000r\000o\000p\000y\000\040\000L\000o\000s\000s\000\040\000f\000o\000r\000\040\000C\000l\000a\000s\000s\000i\000f\000i\000c\000a\000t\000i\000o\000n}{section.6.4}% 187
\BOOKMARK [2][-]{subsection.6.4.2}{\376\377\000N\000L\000L\000\040\000L\000o\000s\000s\000:\000\040\000W\000h\000a\000t\000\040\000t\000h\000e\000\040\000C\000o\000d\000e\000\040\000U\000s\000e\000s}{section.6.4}% 188
\BOOKMARK [1][-]{section.6.5}{\376\377\000B\000a\000c\000k\000p\000r\000o\000p\000a\000g\000a\000t\000i\000o\000n\000\040\040\024\000\040\000T\000h\000e\000\040\000C\000h\000a\000i\000n\000\040\000R\000u\000l\000e\000\040\000i\000n\000\040\000A\000c\000t\000i\000o\000n}{chapter.6}% 189
\BOOKMARK [2][-]{subsection.6.5.1}{\376\377\000T\000h\000e\000\040\000C\000h\000a\000i\000n\000\040\000R\000u\000l\000e\000:\000\040\000D\000e\000r\000i\000v\000a\000t\000i\000v\000e\000s\000\040\000T\000h\000r\000o\000u\000g\000h\000\040\000C\000o\000m\000p\000o\000s\000i\000t\000i\000o\000n\000s}{section.6.5}% 190
\BOOKMARK [2][-]{subsection.6.5.2}{\376\377\000G\000r\000a\000d\000i\000e\000n\000t\000s\000\040\000a\000s\000\040\000I\000n\000f\000i\000n\000i\000t\000e\000s\000i\000m\000a\000l\000\040\000S\000e\000n\000s\000i\000t\000i\000v\000i\000t\000y}{section.6.5}% 191
\BOOKMARK [1][-]{section.6.6}{\376\377\000G\000r\000a\000d\000i\000e\000n\000t\000\040\000D\000e\000s\000c\000e\000n\000t\000\040\000a\000n\000d\000\040\000O\000p\000t\000i\000m\000i\000z\000e\000r\000s}{chapter.6}% 192
\BOOKMARK [2][-]{subsection.6.6.1}{\376\377\000V\000a\000n\000i\000l\000l\000a\000\040\000G\000r\000a\000d\000i\000e\000n\000t\000\040\000D\000e\000s\000c\000e\000n\000t}{section.6.6}% 193
\BOOKMARK [2][-]{subsection.6.6.2}{\376\377\000S\000t\000o\000c\000h\000a\000s\000t\000i\000c\000\040\000a\000n\000d\000\040\000M\000i\000n\000i\000-\000B\000a\000t\000c\000h\000\040\000G\000r\000a\000d\000i\000e\000n\000t\000\040\000D\000e\000s\000c\000e\000n\000t}{section.6.6}% 194
\BOOKMARK [2][-]{subsection.6.6.3}{\376\377\000T\000h\000e\000\040\000A\000d\000a\000m\000\040\000O\000p\000t\000i\000m\000i\000z\000e\000r}{section.6.6}% 195
\BOOKMARK [1][-]{section.6.7}{\376\377\000B\000a\000t\000c\000h\000\040\000N\000o\000r\000m\000a\000l\000i\000z\000a\000t\000i\000o\000n}{chapter.6}% 196
\BOOKMARK [2][-]{subsection.6.7.1}{\376\377\000T\000h\000e\000\040\000P\000r\000o\000b\000l\000e\000m\000:\000\040\000S\000h\000i\000f\000t\000i\000n\000g\000\040\000I\000n\000p\000u\000t\000\040\000D\000i\000s\000t\000r\000i\000b\000u\000t\000i\000o\000n\000s}{section.6.7}% 197
\BOOKMARK [2][-]{subsection.6.7.2}{\376\377\000T\000h\000e\000\040\000B\000a\000t\000c\000h\000N\000o\000r\000m\000\040\000F\000o\000r\000m\000u\000l\000a}{section.6.7}% 198
\BOOKMARK [1][-]{section.6.8}{\376\377\000D\000r\000o\000p\000o\000u\000t}{chapter.6}% 199
\BOOKMARK [2][-]{subsection.6.8.1}{\376\377\000T\000h\000e\000\040\000P\000r\000o\000b\000l\000e\000m\000:\000\040\000O\000v\000e\000r\000f\000i\000t\000t\000i\000n\000g}{section.6.8}% 200
\BOOKMARK [2][-]{subsection.6.8.2}{\376\377\000T\000h\000e\000\040\000D\000r\000o\000p\000o\000u\000t\000\040\000M\000e\000c\000h\000a\000n\000i\000s\000m}{section.6.8}% 201
\BOOKMARK [1][-]{section.6.9}{\376\377\000D\000e\000e\000p\000\040\000L\000e\000a\000r\000n\000i\000n\000g\000\040\000f\000o\000r\000\040\000C\000l\000a\000s\000s\000i\000f\000i\000c\000a\000t\000i\000o\000n}{chapter.6}% 202
\BOOKMARK [2][-]{subsection.6.9.1}{\376\377\000S\000o\000u\000r\000c\000e\000\040\000D\000e\000t\000e\000c\000t\000i\000o\000n\000\040\000a\000s\000\040\000a\000\040\000M\000u\000l\000t\000i\000-\000C\000l\000a\000s\000s\000\040\000P\000r\000o\000b\000l\000e\000m}{section.6.9}% 203
\BOOKMARK [2][-]{subsection.6.9.2}{\376\377\000T\000h\000e\000\040\000O\000u\000t\000p\000u\000t\000\040\000L\000a\000y\000e\000r\000\040\000A\000r\000c\000h\000i\000t\000e\000c\000t\000u\000r\000e}{section.6.9}% 204
\BOOKMARK [2][-]{subsection.6.9.3}{\376\377\000W\000h\000y\000\040\000N\000\040\000C\000l\000a\000s\000s\000e\000s\000\040\000C\000a\000n\000\040\000B\000e\000\040\0005\0000\0000\000\040\000o\000r\000\040\000M\000o\000r\000e}{section.6.9}% 205
\BOOKMARK [1][-]{section.6.10}{\376\377\000T\000h\000e\000\040\000M\000L\000P\000\040\000B\000a\000s\000e\000l\000i\000n\000e\000\040\000a\000n\000d\000\040\000I\000t\000s\000\040\000L\000i\000m\000i\000t\000a\000t\000i\000o\000n\000s}{chapter.6}% 206
\BOOKMARK [2][-]{subsection.6.10.1}{\376\377\000A\000\040\000P\000l\000a\000i\000n\000\040\000M\000L\000P\000\040\000o\000n\000\040\000F\000l\000a\000t\000t\000e\000n\000e\000d\000\040\000F\000e\000a\000t\000u\000r\000e\000s}{section.6.10}% 207
\BOOKMARK [2][-]{subsection.6.10.2}{\376\377\000T\000h\000e\000\040\000F\000u\000n\000d\000a\000m\000e\000n\000t\000a\000l\000\040\000L\000i\000m\000i\000t\000a\000t\000i\000o\000n\000\040\000o\000f\000\040\000M\000L\000P\000s\000:\000\040\000I\000g\000n\000o\000r\000i\000n\000g\000\040\000G\000r\000a\000p\000h\000\040\000S\000t\000r\000u\000c\000t\000u\000r\000e}{section.6.10}% 208
\BOOKMARK [2][-]{subsection.6.10.3}{\376\377\000T\000h\000i\000s\000\040\000M\000o\000t\000i\000v\000a\000t\000e\000s\000\040\000G\000r\000a\000p\000h\000\040\000N\000e\000u\000r\000a\000l\000\040\000N\000e\000t\000w\000o\000r\000k\000s}{section.6.10}% 209
\BOOKMARK [1][-]{section.6.11}{\376\377\000T\000h\000e\000\040\000C\000o\000m\000p\000l\000e\000t\000e\000\040\000T\000r\000a\000i\000n\000i\000n\000g\000\040\000P\000i\000p\000e\000l\000i\000n\000e}{chapter.6}% 210
\BOOKMARK [1][-]{section.6.12}{\376\377\000C\000h\000a\000p\000t\000e\000r\000\040\000S\000u\000m\000m\000a\000r\000y}{chapter.6}% 211
\BOOKMARK [0][-]{chapter.7}{\376\377\000G\000r\000a\000p\000h\000\040\000N\000e\000u\000r\000a\000l\000\040\000N\000e\000t\000w\000o\000r\000k\000s\000\040\000a\000n\000d\000\040\000P\000y\000T\000o\000r\000c\000h\000\040\000G\000e\000o\000m\000e\000t\000r\000i\000c}{part.3}% 212
\BOOKMARK [1][-]{section.7.1}{\376\377\000W\000h\000y\000\040\000R\000e\000g\000u\000l\000a\000r\000\040\000N\000e\000u\000r\000a\000l\000\040\000N\000e\000t\000w\000o\000r\000k\000s\000\040\000F\000a\000i\000l\000\040\000o\000n\000\040\000G\000r\000a\000p\000h\000s}{chapter.7}% 213
\BOOKMARK [2][-]{subsection.7.1.1}{\376\377\000M\000u\000l\000t\000i\000-\000L\000a\000y\000e\000r\000\040\000P\000e\000r\000c\000e\000p\000t\000r\000o\000n\000s\000\040\000R\000e\000q\000u\000i\000r\000e\000\040\000F\000i\000x\000e\000d\000-\000S\000i\000z\000e\000\040\000I\000n\000p\000u\000t\000s}{section.7.1}% 214
\BOOKMARK [2][-]{subsection.7.1.2}{\376\377\000M\000L\000P\000s\000\040\000I\000g\000n\000o\000r\000e\000\040\000G\000r\000a\000p\000h\000\040\000S\000t\000r\000u\000c\000t\000u\000r\000e\000\040\000E\000n\000t\000i\000r\000e\000l\000y}{section.7.1}% 215
\BOOKMARK [2][-]{subsection.7.1.3}{\376\377\000C\000o\000n\000v\000o\000l\000u\000t\000i\000o\000n\000a\000l\000\040\000N\000e\000u\000r\000a\000l\000\040\000N\000e\000t\000w\000o\000r\000k\000s\000\040\000W\000o\000r\000k\000\040\000O\000n\000l\000y\000\040\000o\000n\000\040\000G\000r\000i\000d\000s}{section.7.1}% 216
\BOOKMARK [1][-]{section.7.2}{\376\377\000T\000h\000e\000\040\000M\000e\000s\000s\000a\000g\000e\000\040\000P\000a\000s\000s\000i\000n\000g\000\040\000F\000r\000a\000m\000e\000w\000o\000r\000k\000\040\000\050\000M\000P\000N\000N\000\051}{chapter.7}% 217
\BOOKMARK [2][-]{subsection.7.2.1}{\376\377\000I\000n\000t\000u\000i\000t\000i\000o\000n}{section.7.2}% 218
\BOOKMARK [2][-]{subsection.7.2.2}{\376\377\000N\000o\000t\000a\000t\000i\000o\000n\000\040\000G\000u\000i\000d\000e}{section.7.2}% 219
\BOOKMARK [2][-]{subsection.7.2.3}{\376\377\000T\000h\000e\000\040\000R\000u\000n\000n\000i\000n\000g\000\040\000E\000x\000a\000m\000p\000l\000e\000:\000\040\000A\000\040\000T\000h\000r\000e\000e\000-\000N\000o\000d\000e\000\040\000P\000a\000t\000h\000\040\000G\000r\000a\000p\000h}{section.7.2}% 220
\BOOKMARK [2][-]{subsection.7.2.4}{\376\377\000A\000g\000g\000r\000e\000g\000a\000t\000i\000o\000n\000\040\000F\000u\000n\000c\000t\000i\000o\000n\000\040\000C\000o\000m\000p\000a\000r\000i\000s\000o\000n}{section.7.2}% 221
\BOOKMARK [1][-]{section.7.3}{\376\377\000G\000r\000a\000p\000h\000\040\000C\000o\000n\000v\000o\000l\000u\000t\000i\000o\000n\000a\000l\000\040\000N\000e\000t\000w\000o\000r\000k\000s\000\040\000\050\000G\000C\000N\000\051}{chapter.7}% 222
\BOOKMARK [2][-]{subsection.7.3.1}{\376\377\000T\000h\000e\000\040\000G\000C\000N\000\040\000U\000p\000d\000a\000t\000e\000\040\000R\000u\000l\000e}{section.7.3}% 223
\BOOKMARK [2][-]{subsection.7.3.2}{\376\377\000W\000h\000y\000\040\000t\000h\000e\000\040\000S\000y\000m\000m\000e\000t\000r\000i\000c\000\040\000N\000o\000r\000m\000a\000l\000i\000z\000a\000t\000i\000o\000n\000\040\000-\0001\000/\0002\000\040\000\040\000-\0001\000/\0002\000?}{section.7.3}% 224
\BOOKMARK [1][-]{section.7.4}{\376\377\000G\000r\000a\000p\000h\000S\000A\000G\000E\000:\000\040\000S\000a\000m\000p\000l\000i\000n\000g\000\040\000a\000n\000d\000\040\000A\000g\000g\000r\000e\000g\000a\000t\000i\000n\000g}{chapter.7}% 225
\BOOKMARK [2][-]{subsection.7.4.1}{\376\377\000T\000h\000e\000\040\000C\000o\000r\000e\000\040\000I\000d\000e\000a}{section.7.4}% 226
\BOOKMARK [2][-]{subsection.7.4.2}{\376\377\000W\000h\000y\000\040\000C\000o\000n\000c\000a\000t\000e\000n\000a\000t\000i\000o\000n\000\040\000M\000a\000t\000t\000e\000r\000s}{section.7.4}% 227
\BOOKMARK [1][-]{section.7.5}{\376\377\000G\000r\000a\000p\000h\000\040\000A\000t\000t\000e\000n\000t\000i\000o\000n\000\040\000N\000e\000t\000w\000o\000r\000k\000s\000\040\000\050\000G\000A\000T\000\051}{chapter.7}% 228
\BOOKMARK [2][-]{subsection.7.5.1}{\376\377\000A\000t\000t\000e\000n\000t\000i\000o\000n\000\040\000C\000o\000e\000f\000f\000i\000c\000i\000e\000n\000t\000\040\000C\000o\000m\000p\000u\000t\000a\000t\000i\000o\000n}{section.7.5}% 229
\BOOKMARK [2][-]{subsection.7.5.2}{\376\377\000M\000u\000l\000t\000i\000-\000H\000e\000a\000d\000\040\000A\000t\000t\000e\000n\000t\000i\000o\000n}{section.7.5}% 230
\BOOKMARK [1][-]{section.7.6}{\376\377\000G\000r\000a\000p\000h\000\040\000I\000s\000o\000m\000o\000r\000p\000h\000i\000s\000m\000\040\000N\000e\000t\000w\000o\000r\000k\000s\000\040\000\050\000G\000I\000N\000\051}{chapter.7}% 231
\BOOKMARK [2][-]{subsection.7.6.1}{\376\377\000T\000h\000e\000\040\000W\000e\000i\000s\000f\000e\000i\000l\000e\000r\000-\000L\000e\000h\000m\000a\000n\000\040\000T\000e\000s\000t\000\040\000C\000o\000n\000n\000e\000c\000t\000i\000o\000n}{section.7.6}% 232
\BOOKMARK [2][-]{subsection.7.6.2}{\376\377\000T\000h\000e\000\040\000G\000I\000N\000\040\000U\000p\000d\000a\000t\000e\000\040\000R\000u\000l\000e}{section.7.6}% 233
\BOOKMARK [2][-]{subsection.7.6.3}{\376\377\000W\000h\000y\000\040\000S\000U\000M\000\040\000a\000n\000d\000\040\000N\000o\000t\000\040\000M\000e\000a\000n\000?}{section.7.6}% 234
\BOOKMARK [1][-]{section.7.7}{\376\377\000O\000v\000e\000r\000-\000S\000m\000o\000o\000t\000h\000i\000n\000g\000:\000\040\000W\000h\000e\000n\000\040\000D\000e\000p\000t\000h\000\040\000B\000e\000c\000o\000m\000e\000s\000\040\000a\000\040\000L\000i\000a\000b\000i\000l\000i\000t\000y}{chapter.7}% 235
\BOOKMARK [2][-]{subsection.7.7.1}{\376\377\000T\000h\000e\000\040\000M\000e\000c\000h\000a\000n\000i\000s\000m}{section.7.7}% 236
\BOOKMARK [2][-]{subsection.7.7.2}{\376\377\000E\000m\000p\000i\000r\000i\000c\000a\000l\000\040\000B\000e\000h\000a\000v\000i\000o\000r\000\040\000A\000c\000r\000o\000s\000s\000\040\000D\000e\000p\000t\000h\000s}{section.7.7}% 237
\BOOKMARK [2][-]{subsection.7.7.3}{\376\377\000M\000i\000t\000i\000g\000a\000t\000i\000o\000n\000\040\000S\000t\000r\000a\000t\000e\000g\000i\000e\000s}{section.7.7}% 238
\BOOKMARK [1][-]{section.7.8}{\376\377\000P\000y\000T\000o\000r\000c\000h\000\040\000G\000e\000o\000m\000e\000t\000r\000i\000c\000:\000\040\000T\000h\000e\000\040\000E\000n\000g\000i\000n\000e\000e\000r\000i\000n\000g\000\040\000L\000a\000y\000e\000r}{chapter.7}% 239
\BOOKMARK [2][-]{subsection.7.8.1}{\376\377\000T\000h\000e\000\040\000C\000O\000O\000\040\000S\000p\000a\000r\000s\000e\000\040\000F\000o\000r\000m\000a\000t\000:\000\040\000e\000d\000g\000e\000\137\000i\000n\000d\000e\000x}{section.7.8}% 240
\BOOKMARK [2][-]{subsection.7.8.2}{\376\377\000E\000d\000g\000e\000\040\000W\000e\000i\000g\000h\000t\000s}{section.7.8}% 241
\BOOKMARK [2][-]{subsection.7.8.3}{\376\377\000T\000h\000e\000\040\000M\000e\000s\000s\000a\000g\000e\000P\000a\000s\000s\000i\000n\000g\000\040\000B\000a\000s\000e\000\040\000C\000l\000a\000s\000s}{section.7.8}% 242
\BOOKMARK [2][-]{subsection.7.8.4}{\376\377\000B\000a\000t\000c\000h\000i\000n\000g\000\040\000V\000a\000r\000i\000a\000b\000l\000e\000-\000S\000i\000z\000e\000\040\000G\000r\000a\000p\000h\000s}{section.7.8}% 243
\BOOKMARK [1][-]{section.7.9}{\376\377\000C\000o\000d\000e\000\040\000W\000a\000l\000k\000t\000h\000r\000o\000u\000g\000h\000:\000\040\000T\000h\000e\000\040\000S\000t\000a\000t\000i\000c\000G\000N\000N\000\040\000i\000n\000\040\000g\000n\000n\000/\000s\000t\000a\000t\000i\000c\000\137\000g\000n\000n\000.\000p\000y}{chapter.7}% 244
\BOOKMARK [2][-]{subsection.7.9.1}{\376\377\000C\000o\000n\000s\000t\000r\000u\000c\000t\000o\000r\000\040\000a\000n\000d\000\040\000L\000a\000y\000e\000r\000\040\000I\000n\000i\000t\000i\000a\000l\000i\000z\000a\000t\000i\000o\000n}{section.7.9}% 245
\BOOKMARK [2][-]{subsection.7.9.2}{\376\377\000D\000e\000s\000i\000g\000n\000\040\000D\000e\000c\000i\000s\000i\000o\000n\000s\000\040\000W\000o\000r\000t\000h\000\040\000N\000o\000t\000i\000n\000g}{section.7.9}% 246
\BOOKMARK [2][-]{subsection.7.9.3}{\376\377\000F\000o\000r\000w\000a\000r\000d\000\040\000P\000a\000s\000s\000\040\000w\000i\000t\000h\000\040\000S\000h\000a\000p\000e\000\040\000A\000n\000n\000o\000t\000a\000t\000i\000o\000n\000s}{section.7.9}% 247
\BOOKMARK [2][-]{subsection.7.9.4}{\376\377\000T\000h\000e\000\040\000S\000k\000i\000p\000\040\000C\000o\000n\000n\000e\000c\000t\000i\000o\000n}{section.7.9}% 248
\BOOKMARK [2][-]{subsection.7.9.5}{\376\377\000Y\000A\000M\000L\000\040\000C\000o\000n\000f\000i\000g\000u\000r\000a\000t\000i\000o\000n\000\040\000M\000a\000p\000p\000i\000n\000g}{section.7.9}% 249
\BOOKMARK [1][-]{section.7.10}{\376\377\000S\000u\000m\000m\000a\000r\000y\000\040\000a\000n\000d\000\040\000C\000o\000n\000n\000e\000c\000t\000i\000o\000n\000\040\000t\000o\000\040\000t\000h\000e\000\040\000T\000h\000e\000s\000i\000s}{chapter.7}% 250
\BOOKMARK [-1][-]{part.4}{\376\377\000I\000V\000\040\000T\000e\000m\000p\000o\000r\000a\000l\000\040\000G\000N\000N\000\040\000A\000r\000c\000h\000i\000t\000e\000c\000t\000u\000r\000e\000s\000\040\000f\000o\000r\000\040\000S\000o\000u\000r\000c\000e\000\040\000D\000e\000t\000e\000c\000t\000i\000o\000n}{}% 251
\BOOKMARK [0][-]{chapter.8}{\376\377\000W\000e\000i\000g\000h\000t\000e\000d\000\040\000T\000e\000m\000p\000o\000r\000a\000l\000\040\000E\000v\000e\000n\000t\000\040\000G\000r\000a\000p\000h\000s\000:\000\040\000P\000r\000e\000s\000e\000r\000v\000i\000n\000g\000\040\000C\000a\000u\000s\000a\000l\000\040\000P\000a\000t\000h\000s}{part.4}% 252
\BOOKMARK [1][-]{section.8.1}{\376\377\000W\000h\000y\000\040\000S\000t\000a\000t\000i\000c\000\040\000G\000r\000a\000p\000h\000s\000\040\000F\000a\000i\000l\000:\000\040\000A\000\040\000F\000o\000u\000r\000-\000P\000e\000r\000s\000o\000n\000\040\000S\000t\000o\000r\000y}{chapter.8}% 253
\BOOKMARK [2][-]{subsection.8.1.1}{\376\377\000S\000e\000t\000t\000i\000n\000g\000\040\000t\000h\000e\000\040\000S\000c\000e\000n\000e}{section.8.1}% 254
\BOOKMARK [2][-]{subsection.8.1.2}{\376\377\000W\000h\000a\000t\000\040\000a\000\040\000S\000t\000a\000t\000i\000c\000\040\000G\000r\000a\000p\000h\000\040\000S\000e\000e\000s}{section.8.1}% 255
\BOOKMARK [1][-]{section.8.2}{\376\377\000T\000h\000e\000\040\000S\000a\000r\000a\000m\000\344\000k\000i\000\040\000I\000n\000s\000i\000g\000h\000t\000:\000\040\000M\000a\000k\000e\000\040\000E\000v\000e\000n\000t\000s\000\040\000t\000h\000e\000\040\000N\000o\000d\000e\000s}{chapter.8}% 256
\BOOKMARK [2][-]{subsection.8.2.1}{\376\377\000W\000h\000y\000\040\000T\000h\000i\000s\000\040\000S\000o\000l\000v\000e\000s\000\040\000t\000h\000e\000\040\000P\000r\000o\000b\000l\000e\000m}{section.8.2}% 257
\BOOKMARK [2][-]{subsection.8.2.2}{\376\377\000O\000u\000r\000\040\000F\000o\000u\000r\000\040\000E\000v\000e\000n\000t\000s\000\040\000a\000s\000\040\000N\000o\000d\000e\000s}{section.8.2}% 258
\BOOKMARK [1][-]{section.8.3}{\376\377\000F\000o\000r\000m\000a\000l\000\040\000C\000o\000n\000s\000t\000r\000u\000c\000t\000i\000o\000n\000\040\000o\000f\000\040\000t\000h\000e\000\040\000T\000e\000m\000p\000o\000r\000a\000l\000\040\000E\000v\000e\000n\000t\000\040\000G\000r\000a\000p\000h}{chapter.8}% 259
\BOOKMARK [2][-]{subsection.8.3.1}{\376\377\000W\000h\000y\000\040\000T\000h\000i\000s\000\040\000G\000r\000a\000p\000h\000\040\000i\000s\000\040\000A\000l\000w\000a\000y\000s\000\040\000a\000\040\000D\000A\000G}{section.8.3}% 260
\BOOKMARK [2][-]{subsection.8.3.2}{\376\377\000E\000x\000p\000l\000a\000i\000n\000i\000n\000g\000\040\000E\000a\000c\000h\000\040\000C\000o\000n\000d\000i\000t\000i\000o\000n\000\040\000w\000i\000t\000h\000\040\000C\000o\000n\000c\000r\000e\000t\000e\000\040\000E\000x\000a\000m\000p\000l\000e\000s}{section.8.3}% 261
\BOOKMARK [1][-]{section.8.4}{\376\377\000F\000u\000l\000l\000\040\000W\000o\000r\000k\000e\000d\000\040\000E\000x\000a\000m\000p\000l\000e\000:\000\040\000B\000u\000i\000l\000d\000i\000n\000g\000\040\000t\000h\000e\000\040\000T\000E\000G\000\040\000S\000t\000e\000p\000\040\000b\000y\000\040\000S\000t\000e\000p}{chapter.8}% 262
\BOOKMARK [2][-]{subsection.8.4.1}{\376\377\000C\000h\000e\000c\000k\000i\000n\000g\000\040\000A\000l\000l\000\040\000O\000r\000d\000e\000r\000e\000d\000\040\000P\000a\000i\000r\000s}{section.8.4}% 263
\BOOKMARK [2][-]{subsection.8.4.2}{\376\377\000T\000h\000e\000\040\000R\000e\000s\000u\000l\000t\000i\000n\000g\000\040\000T\000E\000G\000:\000\040\000A\000\040\000T\000i\000k\000Z\000\040\000D\000i\000a\000g\000r\000a\000m}{section.8.4}% 264
\BOOKMARK [2][-]{subsection.8.4.3}{\376\377\000R\000e\000a\000d\000i\000n\000g\000\040\000t\000h\000e\000\040\000T\000E\000G}{section.8.4}% 265
\BOOKMARK [1][-]{section.8.5}{\376\377\000T\000h\000e\000\040\000t\000\040\000C\000o\000n\000s\000t\000r\000a\000i\000n\000t\000:\000\040\000M\000o\000d\000e\000l\000l\000i\000n\000g\000\040\000t\000h\000e\000\040\000I\000n\000f\000e\000c\000t\000i\000o\000u\000s\000\040\000P\000e\000r\000i\000o\000d}{chapter.8}% 266
\BOOKMARK [2][-]{subsection.8.5.1}{\376\377\000R\000e\000c\000o\000m\000p\000u\000t\000i\000n\000g\000\040\000w\000i\000t\000h\000\040\000t\000\040\000=\000\040\0001}{section.8.5}% 267
\BOOKMARK [2][-]{subsection.8.5.2}{\376\377\000T\000h\000e\000\040\000E\000f\000f\000e\000c\000t\000\040\000o\000f\000\040\000t\000\040\000o\000n\000\040\000G\000r\000a\000p\000h\000\040\000D\000e\000n\000s\000i\000t\000y}{section.8.5}% 268
\BOOKMARK [1][-]{section.8.6}{\376\377\000W\000h\000y\000\040\000a\000\040\000D\000A\000G\000\040\000i\000s\000\040\000P\000e\000r\000f\000e\000c\000t\000\040\000f\000o\000r\000\040\000S\000o\000u\000r\000c\000e\000\040\000D\000e\000t\000e\000c\000t\000i\000o\000n\000\040\000w\000i\000t\000h\000\040\000G\000N\000N\000s}{chapter.8}% 269
\BOOKMARK [2][-]{subsection.8.6.1}{\376\377\000T\000h\000e\000\040\000S\000o\000u\000r\000c\000e\000\040\000D\000e\000t\000e\000c\000t\000i\000o\000n\000\040\000P\000r\000o\000b\000l\000e\000m\000\040\000o\000n\000\040\000t\000h\000e\000\040\000T\000E\000G}{section.8.6}% 270
\BOOKMARK [2][-]{subsection.8.6.2}{\376\377\000V\000i\000s\000u\000a\000l\000i\000s\000i\000n\000g\000\040\000t\000h\000e\000\040\000R\000e\000v\000e\000r\000s\000e\000d\000\040\000D\000A\000G}{section.8.6}% 271
\BOOKMARK [2][-]{subsection.8.6.3}{\376\377\000F\000r\000o\000m\000\040\000E\000v\000e\000n\000t\000\040\000S\000c\000o\000r\000e\000s\000\040\000B\000a\000c\000k\000\040\000t\000o\000\040\000P\000e\000r\000s\000o\000n\000\040\000S\000c\000o\000r\000e\000s}{section.8.6}% 272
\BOOKMARK [1][-]{section.8.7}{\376\377\000C\000o\000d\000e\000\040\000W\000a\000l\000k\000t\000h\000r\000o\000u\000g\000h\000:\000\040\000T\000h\000e\000\040\000D\000A\000G\000G\000N\000N\000\040\000A\000r\000c\000h\000i\000t\000e\000c\000t\000u\000r\000e}{chapter.8}% 273
\BOOKMARK [2][-]{subsection.8.7.1}{\376\377\000P\000u\000t\000t\000i\000n\000g\000\040\000I\000t\000\040\000A\000l\000l\000\040\000T\000o\000g\000e\000t\000h\000e\000r\000:\000\040\000T\000h\000e\000\040\000F\000u\000l\000l\000\040\000F\000o\000r\000w\000a\000r\000d\000\040\000P\000a\000s\000s}{section.8.7}% 274
\BOOKMARK [1][-]{section.8.8}{\376\377\000T\000h\000e\000\040\000G\000r\000a\000p\000h\000\040\000B\000l\000o\000a\000t\000\040\000P\000r\000o\000b\000l\000e\000m}{chapter.8}% 275
\BOOKMARK [2][-]{subsection.8.8.1}{\376\377\000W\000o\000r\000s\000t\000-\000C\000a\000s\000e\000\040\000E\000d\000g\000e\000\040\000C\000o\000u\000n\000t}{section.8.8}% 276
\BOOKMARK [2][-]{subsection.8.8.2}{\376\377\000H\000o\000w\000\040\000t\000\040\000M\000i\000t\000i\000g\000a\000t\000e\000s\000\040\000B\000l\000o\000a\000t}{section.8.8}% 277
\BOOKMARK [1][-]{section.8.9}{\376\377\000S\000u\000m\000m\000a\000r\000y\000:\000\040\000W\000h\000a\000t\000\040\000t\000h\000e\000\040\000S\000a\000r\000a\000m\000\344\000k\000i\000\040\000T\000E\000G\000\040\000G\000i\000v\000e\000s\000\040\000U\000s}{chapter.8}% 278
\BOOKMARK [0][-]{chapter.9}{\376\377\000T\000h\000e\000\040\000B\000a\000c\000k\000t\000r\000a\000c\000k\000i\000n\000g\000\040\000N\000e\000t\000w\000o\000r\000k\000:\000\040\000T\000e\000m\000p\000o\000r\000a\000l\000\040\000I\000n\000f\000o\000r\000m\000a\000t\000i\000o\000n\000\040\000o\000n\000\040\000E\000d\000g\000e\000s}{part.4}% 279
\BOOKMARK [1][-]{section.9.1}{\376\377\000T\000h\000e\000\040\000C\000o\000r\000e\000\040\000I\000d\000e\000a\000:\000\040\000T\000w\000o\000\040\000P\000h\000i\000l\000o\000s\000o\000p\000h\000i\000e\000s\000\040\000o\000f\000\040\000T\000e\000m\000p\000o\000r\000a\000l\000\040\000E\000n\000c\000o\000d\000i\000n\000g}{chapter.9}% 280
\BOOKMARK [1][-]{section.9.2}{\376\377\000S\000t\000e\000p\000\040\0001\000:\000\040\000R\000e\000p\000r\000e\000s\000e\000n\000t\000i\000n\000g\000\040\000t\000h\000e\000\040\000W\000o\000r\000l\000d\000\040\000i\000n\000\040\000N\000u\000m\000b\000e\000r\000s}{chapter.9}% 281
\BOOKMARK [2][-]{subsection.9.2.1}{\376\377\000N\000o\000d\000e\000\040\000F\000e\000a\000t\000u\000r\000e\000s\000:\000\040\000O\000n\000e\000-\000H\000o\000t\000\040\000S\000I\000R\000\040\000S\000t\000a\000t\000e\000s}{section.9.2}% 282
\BOOKMARK [2][-]{subsection.9.2.2}{\376\377\000E\000d\000g\000e\000\040\000F\000e\000a\000t\000u\000r\000e\000s\000:\000\040\000B\000i\000n\000a\000r\000y\000\040\000A\000c\000t\000i\000v\000a\000t\000i\000o\000n\000\040\000H\000i\000s\000t\000o\000r\000i\000e\000s}{section.9.2}% 283
\BOOKMARK [1][-]{section.9.3}{\376\377\000S\000t\000e\000p\000\040\0002\000:\000\040\000I\000n\000i\000t\000i\000a\000l\000\040\000P\000r\000o\000j\000e\000c\000t\000i\000o\000n\000s}{chapter.9}% 284
\BOOKMARK [1][-]{section.9.4}{\376\377\000S\000t\000e\000p\000\040\0003\000:\000\040\000T\000h\000e\000\040\000B\000N\000\040\000C\000o\000n\000v\000o\000l\000u\000t\000i\000o\000n\000\040\000L\000a\000y\000e\000r}{chapter.9}% 285
\BOOKMARK [2][-]{subsection.9.4.1}{\376\377\000E\000d\000g\000e\000\040\000U\000p\000d\000a\000t\000e\000\040\000\050\000E\000q\000u\000a\000t\000i\000o\000n\000\040\0003\000\051}{section.9.4}% 286
\BOOKMARK [2][-]{subsection.9.4.2}{\376\377\000N\000o\000d\000e\000\040\000U\000p\000d\000a\000t\000e\000\040\000\050\000E\000q\000u\000a\000t\000i\000o\000n\000\040\0004\000\051}{section.9.4}% 287
\BOOKMARK [1][-]{section.9.5}{\376\377\000S\000t\000e\000p\000\040\0004\000:\000\040\000R\000e\000a\000d\000o\000u\000t\000\040\000a\000n\000d\000\040\000E\000x\000p\000e\000r\000t\000\040\000K\000n\000o\000w\000l\000e\000d\000g\000e\000\040\000M\000a\000s\000k\000i\000n\000g}{chapter.9}% 288
\BOOKMARK [1][-]{section.9.6}{\376\377\000T\000r\000a\000i\000n\000i\000n\000g\000\040\000w\000i\000t\000h\000\040\000C\000r\000o\000s\000s\000-\000E\000n\000t\000r\000o\000p\000y\000\040\000L\000o\000s\000s}{chapter.9}% 289
\BOOKMARK [1][-]{section.9.7}{\376\377\000A\000\040\000C\000o\000m\000p\000l\000e\000t\000e\000\040\000W\000o\000r\000k\000e\000d\000\040\000E\000x\000a\000m\000p\000l\000e\000:\000\040\0005\000\040\000N\000o\000d\000e\000s\000,\000\040\0005\000\040\000T\000i\000m\000e\000\040\000S\000t\000e\000p\000s}{chapter.9}% 290
\BOOKMARK [1][-]{section.9.8}{\376\377\000C\000o\000d\000e\000\040\000W\000a\000l\000k\000t\000h\000r\000o\000u\000g\000h}{chapter.9}% 291
\BOOKMARK [1][-]{section.9.9}{\376\377\000L\000i\000m\000i\000t\000a\000t\000i\000o\000n\000s\000\040\000a\000n\000d\000\040\000P\000a\000t\000h\000\040\000F\000o\000r\000w\000a\000r\000d}{chapter.9}% 292
\BOOKMARK [1][-]{section.9.10}{\376\377\000C\000h\000a\000p\000t\000e\000r\000\040\000S\000u\000m\000m\000a\000r\000y}{chapter.9}% 293
\BOOKMARK [0][-]{chapter.10}{\376\377\000H\000i\000g\000h\000e\000r\000-\000O\000r\000d\000e\000r\000\040\000D\000e\000\040\000B\000r\000u\000i\000j\000n\000\040\000G\000N\000N\000s\000\040\000f\000o\000r\000\040\000T\000e\000m\000p\000o\000r\000a\000l\000\040\000N\000e\000t\000w\000o\000r\000k\000s}{part.4}% 294
\BOOKMARK [1][-]{section.10.1}{\376\377\000W\000h\000e\000r\000e\000\040\000W\000e\000\040\000S\000t\000a\000n\000d\000:\000\040\000T\000h\000r\000e\000e\000\040\000A\000p\000p\000r\000o\000a\000c\000h\000e\000s\000\040\000t\000o\000\040\000t\000h\000e\000\040\000S\000a\000m\000e\000\040\000P\000r\000o\000b\000l\000e\000m}{chapter.10}% 295
\BOOKMARK [1][-]{section.10.2}{\376\377\000T\000h\000e\000\040\000M\000a\000r\000k\000o\000v\000i\000a\000n\000\040\000P\000r\000o\000b\000l\000e\000m\000:\000\040\000A\000\040\000C\000o\000n\000c\000r\000e\000t\000e\000\040\000F\000a\000i\000l\000u\000r\000e\000\040\000M\000o\000d\000e}{chapter.10}% 296
\BOOKMARK [1][-]{section.10.3}{\376\377\000W\000h\000a\000t\000\040\000I\000s\000\040\000a\000\040\000D\000e\000\040\000B\000r\000u\000i\000j\000n\000\040\000G\000r\000a\000p\000h\000?\000\040\000F\000r\000o\000m\000\040\000D\000N\000A\000\040\000t\000o\000\040\000S\000e\000q\000u\000e\000n\000c\000e\000s}{chapter.10}% 297
\BOOKMARK [2][-]{subsection.10.3.1}{\376\377\000D\000e\000\040\000B\000r\000u\000i\000j\000n\000\040\000G\000r\000a\000p\000h\000s\000\040\000f\000o\000r\000\040\000D\000N\000A\000\040\000S\000e\000q\000u\000e\000n\000c\000e\000s}{section.10.3}% 298
\BOOKMARK [2][-]{subsection.10.3.2}{\376\377\000A\000d\000a\000p\000t\000i\000n\000g\000\040\000t\000h\000e\000\040\000C\000o\000n\000c\000e\000p\000t\000\040\000t\000o\000\040\000T\000e\000m\000p\000o\000r\000a\000l\000\040\000N\000e\000t\000w\000o\000r\000k\000s}{section.10.3}% 299
\BOOKMARK [1][-]{section.10.4}{\376\377\000C\000o\000n\000s\000t\000r\000u\000c\000t\000i\000n\000g\000\040\000D\000e\000\040\000B\000r\000u\000i\000j\000n\000\040\000G\000r\000a\000p\000h\000s\000\040\000f\000o\000r\000\040\000T\000e\000m\000p\000o\000r\000a\000l\000\040\000N\000e\000t\000w\000o\000r\000k\000s}{chapter.10}% 300
\BOOKMARK [2][-]{subsection.10.4.1}{\376\377\000T\000h\000e\000\040\000k\000-\000t\000h\000\040\000O\000r\000d\000e\000r\000\040\000D\000e\000\040\000B\000r\000u\000i\000j\000n\000\040\000G\000r\000a\000p\000h}{section.10.4}% 301
\BOOKMARK [2][-]{subsection.10.4.2}{\376\377\000O\000u\000r\000\040\000I\000m\000p\000l\000e\000m\000e\000n\000t\000a\000t\000i\000o\000n\000:\000\040\000F\000i\000r\000s\000t\000-\000O\000r\000d\000e\000r\000\040\000D\000e\000\040\000B\000r\000u\000i\000j\000n\000\040\000G\000r\000a\000p\000h\000\040\000\050\000k\000=\0001\000\051}{section.10.4}% 302
\BOOKMARK [1][-]{section.10.5}{\376\377\000W\000o\000r\000k\000e\000d\000\040\000E\000x\000a\000m\000p\000l\000e\000:\000\040\000B\000u\000i\000l\000d\000i\000n\000g\000\040\000t\000h\000e\000\040\000D\000e\000\040\000B\000r\000u\000i\000j\000n\000\040\000G\000r\000a\000p\000h\000\040\000S\000t\000e\000p\000\040\000b\000y\000\040\000S\000t\000e\000p}{chapter.10}% 303
\BOOKMARK [2][-]{subsection.10.5.1}{\376\377\000T\000h\000e\000\040\000I\000n\000p\000u\000t\000\040\000T\000e\000m\000p\000o\000r\000a\000l\000\040\000N\000e\000t\000w\000o\000r\000k}{section.10.5}% 304
\BOOKMARK [2][-]{subsection.10.5.2}{\376\377\000S\000t\000e\000p\000\040\0001\000:\000\040\000E\000n\000u\000m\000e\000r\000a\000t\000e\000\040\000D\000e\000\040\000B\000r\000u\000i\000j\000n\000\040\000N\000o\000d\000e\000s}{section.10.5}% 305
\BOOKMARK [2][-]{subsection.10.5.3}{\376\377\000S\000t\000e\000p\000\040\0002\000:\000\040\000D\000r\000a\000w\000\040\000D\000e\000\040\000B\000r\000u\000i\000j\000n\000\040\000E\000d\000g\000e\000s}{section.10.5}% 306
\BOOKMARK [2][-]{subsection.10.5.4}{\376\377\000S\000t\000e\000p\000\040\0003\000:\000\040\000V\000i\000s\000u\000a\000l\000i\000s\000e\000\040\000t\000h\000e\000\040\000R\000e\000s\000u\000l\000t}{section.10.5}% 307
\BOOKMARK [1][-]{section.10.6}{\376\377\000W\000h\000y\000\040\000H\000i\000g\000h\000e\000r\000-\000O\000r\000d\000e\000r\000\040\000G\000r\000a\000p\000h\000s\000\040\000C\000a\000p\000t\000u\000r\000e\000\040\000N\000o\000n\000-\000M\000a\000r\000k\000o\000v\000i\000a\000n\000\040\000D\000y\000n\000a\000m\000i\000c\000s}{chapter.10}% 308
\BOOKMARK [2][-]{subsection.10.6.1}{\376\377\000F\000i\000r\000s\000t\000-\000O\000r\000d\000e\000r\000\040\000v\000e\000r\000s\000u\000s\000\040\000S\000e\000c\000o\000n\000d\000-\000O\000r\000d\000e\000r\000:\000\040\000A\000n\000\040\000E\000p\000i\000d\000e\000m\000i\000c\000\040\000I\000l\000l\000u\000s\000t\000r\000a\000t\000i\000o\000n}{section.10.6}% 309
\BOOKMARK [2][-]{subsection.10.6.2}{\376\377\000M\000a\000t\000h\000e\000m\000a\000t\000i\000c\000a\000l\000\040\000S\000t\000a\000t\000e\000m\000e\000n\000t\000:\000\040\000N\000o\000n\000-\000M\000a\000r\000k\000o\000v\000i\000a\000n\000\040\000M\000e\000s\000s\000a\000g\000e\000\040\000P\000a\000s\000s\000i\000n\000g}{section.10.6}% 310
\BOOKMARK [1][-]{section.10.7}{\376\377\000T\000h\000e\000\040\000S\000e\000n\000t\000i\000n\000e\000l\000\040\000N\000o\000d\000e\000:\000\040\000M\000a\000p\000p\000i\000n\000g\000\040\000B\000a\000c\000k\000\040\000t\000o\000\040\000P\000e\000o\000p\000l\000e}{chapter.10}% 311
\BOOKMARK [2][-]{subsection.10.7.1}{\376\377\000F\000o\000r\000m\000a\000l\000\040\000D\000e\000f\000i\000n\000i\000t\000i\000o\000n\000\040\000o\000f\000\040\000S\000e\000n\000t\000i\000n\000e\000l\000\040\000N\000o\000d\000e\000s}{section.10.7}% 312
\BOOKMARK [1][-]{section.10.8}{\376\377\000T\000h\000e\000\040\000D\000B\000G\000N\000N\000\040\000A\000r\000c\000h\000i\000t\000e\000c\000t\000u\000r\000e\000:\000\040\000P\000u\000t\000t\000i\000n\000g\000\040\000I\000t\000\040\000A\000l\000l\000\040\000T\000o\000g\000e\000t\000h\000e\000r}{chapter.10}% 313
\BOOKMARK [2][-]{subsection.10.8.1}{\376\377\000S\000t\000a\000g\000e\000\040\0001\000:\000\040\000F\000e\000a\000t\000u\000r\000e\000\040\000I\000n\000i\000t\000i\000a\000l\000i\000s\000a\000t\000i\000o\000n}{section.10.8}% 314
\BOOKMARK [2][-]{subsection.10.8.2}{\376\377\000S\000t\000a\000g\000e\000\040\0002\000:\000\040\000D\000e\000\040\000B\000r\000u\000i\000j\000n\000\040\000M\000e\000s\000s\000a\000g\000e\000\040\000P\000a\000s\000s\000i\000n\000g}{section.10.8}% 315
\BOOKMARK [2][-]{subsection.10.8.3}{\376\377\000S\000t\000a\000g\000e\000\040\0003\000:\000\040\000S\000e\000n\000t\000i\000n\000e\000l\000\040\000R\000e\000a\000d\000o\000u\000t}{section.10.8}% 316
\BOOKMARK [2][-]{subsection.10.8.4}{\376\377\000S\000t\000a\000g\000e\000\040\0004\000:\000\040\000S\000c\000o\000r\000e\000\040\000P\000r\000o\000j\000e\000c\000t\000i\000o\000n\000\040\000a\000n\000d\000\040\000L\000o\000g\000-\000S\000o\000f\000t\000m\000a\000x}{section.10.8}% 317
\BOOKMARK [1][-]{section.10.9}{\376\377\000C\000o\000d\000e\000\040\000W\000a\000l\000k\000t\000h\000r\000o\000u\000g\000h\000:\000\040\000g\000n\000n\000/\000d\000b\000g\000n\000n\000.\000p\000y\000\040\000a\000n\000d\000\040\000g\000n\000n\000/\000g\000r\000a\000p\000h\000\137\000b\000u\000i\000l\000d\000e\000r\000.\000p\000y}{chapter.10}% 318
\BOOKMARK [2][-]{subsection.10.9.1}{\376\377\000G\000r\000a\000p\000h\000\040\000C\000o\000n\000s\000t\000r\000u\000c\000t\000i\000o\000n\000:\000\040\000u\000t\000i\000l\000s\000/\000m\000a\000k\000e\000\137\000d\000e\000\137\000b\000r\000u\000i\000j\000n\000\137\000g\000r\000a\000p\000h\000.\000p\000y}{section.10.9}% 319
\BOOKMARK [2][-]{subsection.10.9.2}{\376\377\000T\000e\000n\000s\000o\000r\000\040\000P\000r\000e\000p\000a\000r\000a\000t\000i\000o\000n\000:\000\040\000g\000n\000n\000/\000g\000r\000a\000p\000h\000\137\000b\000u\000i\000l\000d\000e\000r\000.\000p\000y}{section.10.9}% 320
\BOOKMARK [2][-]{subsection.10.9.3}{\376\377\000T\000h\000e\000\040\000D\000B\000G\000N\000N\000\040\000M\000o\000d\000e\000l\000:\000\040\000g\000n\000n\000/\000d\000b\000g\000n\000n\000.\000p\000y}{section.10.9}% 321
\BOOKMARK [1][-]{section.10.10}{\376\377\000M\000o\000d\000e\000l\000\040\000S\000e\000l\000e\000c\000t\000i\000o\000n\000:\000\040\000C\000h\000o\000o\000s\000i\000n\000g\000\040\000t\000h\000e\000\040\000R\000i\000g\000h\000t\000\040\000O\000r\000d\000e\000r\000\040\000k}{chapter.10}% 322
\BOOKMARK [1][-]{section.10.11}{\376\377\000C\000o\000m\000p\000a\000r\000i\000s\000o\000n\000\040\000o\000f\000\040\000t\000h\000e\000\040\000T\000h\000r\000e\000e\000\040\000T\000e\000m\000p\000o\000r\000a\000l\000\040\000G\000N\000N\000\040\000A\000r\000c\000h\000i\000t\000e\000c\000t\000u\000r\000e\000s}{chapter.10}% 323
\BOOKMARK [1][-]{section.10.12}{\376\377\000E\000m\000p\000i\000r\000i\000c\000a\000l\000\040\000R\000e\000s\000u\000l\000t\000s\000\040\000f\000r\000o\000m\000\040\000Q\000a\000r\000k\000a\000x\000h\000i\000j\000a\000\040\000e\000t\000\040\000a\000l\000.}{chapter.10}% 324
\BOOKMARK [1][-]{section.10.13}{\376\377\000L\000i\000m\000i\000t\000a\000t\000i\000o\000n\000s\000\040\000a\000n\000d\000\040\000O\000p\000e\000n\000\040\000Q\000u\000e\000s\000t\000i\000o\000n\000s}{chapter.10}% 325
\BOOKMARK [1][-]{section.10.14}{\376\377\000C\000h\000a\000p\000t\000e\000r\000\040\000S\000u\000m\000m\000a\000r\000y}{chapter.10}% 326
\BOOKMARK [0][-]{chapter.11}{\376\377\000D\000i\000r\000e\000c\000t\000e\000d\000\040\000A\000c\000y\000c\000l\000i\000c\000\040\000G\000r\000a\000p\000h\000\040\000C\000o\000n\000v\000o\000l\000u\000t\000i\000o\000n\000a\000l\000\040\000N\000e\000t\000w\000o\000r\000k\000s\000:\000\040\000L\000e\000a\000r\000n\000i\000n\000g\000\040\000C\000a\000u\000s\000a\000l\000\040\000S\000i\000g\000n\000a\000l\000s}{part.4}% 327
\BOOKMARK [1][-]{section.11.1}{\376\377\000W\000h\000y\000\040\000S\000t\000a\000n\000d\000a\000r\000d\000\040\000G\000N\000N\000s\000\040\000C\000a\000n\000n\000o\000t\000\040\000L\000e\000a\000r\000n\000\040\000o\000n\000\040\000D\000A\000G\000s}{chapter.11}% 328
\BOOKMARK [2][-]{subsection.11.1.1}{\376\377\000T\000h\000e\000\040\000S\000t\000a\000n\000d\000a\000r\000d\000\040\000F\000i\000l\000t\000e\000r\000b\000a\000n\000k\000\040\000G\000N\000N}{section.11.1}% 329
\BOOKMARK [2][-]{subsection.11.1.2}{\376\377\000F\000a\000i\000l\000u\000r\000e\000\040\000M\000o\000d\000e\000\040\0001\000:\000\040\000T\000h\000e\000\040\000N\000i\000l\000p\000o\000t\000e\000n\000t\000\040\000S\000p\000e\000c\000t\000r\000u\000m}{section.11.1}% 330
\BOOKMARK [2][-]{subsection.11.1.3}{\376\377\000F\000a\000i\000l\000u\000r\000e\000\040\000M\000o\000d\000e\000\040\0002\000:\000\040\000I\000g\000n\000o\000r\000i\000n\000g\000\040\000t\000h\000e\000\040\000P\000a\000r\000t\000i\000a\000l\000\040\000O\000r\000d\000e\000r}{section.11.1}% 331
\BOOKMARK [1][-]{section.11.2}{\376\377\000D\000A\000G\000s\000,\000\040\000P\000a\000r\000t\000i\000a\000l\000\040\000O\000r\000d\000e\000r\000s\000,\000\040\000a\000n\000d\000\040\000W\000h\000a\000t\000\040\000`\000`\000C\000o\000m\000e\000s\000\040\000B\000e\000f\000o\000r\000e\000'\000'\000\040\000M\000e\000a\000n\000s}{chapter.11}% 332
\BOOKMARK [2][-]{subsection.11.2.1}{\376\377\000F\000r\000o\000m\000\040\000D\000i\000r\000e\000c\000t\000e\000d\000\040\000E\000d\000g\000e\000s\000\040\000t\000o\000\040\000a\000\040\000P\000a\000r\000t\000i\000a\000l\000\040\000O\000r\000d\000e\000r}{section.11.2}% 333
\BOOKMARK [2][-]{subsection.11.2.2}{\376\377\000T\000o\000p\000o\000l\000o\000g\000i\000c\000a\000l\000\040\000O\000r\000d\000e\000r\000i\000n\000g}{section.11.2}% 334
\BOOKMARK [1][-]{section.11.3}{\376\377\000T\000h\000e\000\040\000T\000r\000a\000n\000s\000i\000t\000i\000v\000e\000\040\000C\000l\000o\000s\000u\000r\000e\000\040\040\024\000\040\000T\000h\000e\000\040\000D\000A\000G\000'\000s\000\040\000M\000e\000m\000o\000r\000y}{chapter.11}% 335
\BOOKMARK [2][-]{subsection.11.3.1}{\376\377\000M\000o\000t\000i\000v\000a\000t\000i\000o\000n\000:\000\040\000W\000h\000y\000\040\000D\000i\000r\000e\000c\000t\000\040\000E\000d\000g\000e\000s\000\040\000A\000r\000e\000\040\000N\000o\000t\000\040\000E\000n\000o\000u\000g\000h}{section.11.3}% 336
\BOOKMARK [2][-]{subsection.11.3.2}{\376\377\000D\000e\000f\000i\000n\000i\000t\000i\000o\000n\000\040\000a\000n\000d\000\040\000C\000o\000m\000p\000u\000t\000a\000t\000i\000o\000n}{section.11.3}% 337
\BOOKMARK [2][-]{subsection.11.3.3}{\376\377\000S\000t\000e\000p\000-\000b\000y\000-\000S\000t\000e\000p\000\040\000C\000o\000m\000p\000u\000t\000a\000t\000i\000o\000n\000\040\000f\000o\000r\000\040\000t\000h\000e\000\040\000G\000e\000n\000e\000\040\000N\000e\000t\000w\000o\000r\000k}{section.11.3}% 338
\BOOKMARK [2][-]{subsection.11.3.4}{\376\377\000T\000h\000e\000\040\000L\000i\000n\000e\000a\000r\000\040\000S\000t\000r\000u\000c\000t\000u\000r\000a\000l\000\040\000E\000q\000u\000a\000t\000i\000o\000n\000\040\000M\000o\000d\000e\000l}{section.11.3}% 339
\BOOKMARK [1][-]{section.11.4}{\376\377\000C\000a\000u\000s\000a\000l\000\040\000G\000r\000a\000p\000h\000\040\000S\000h\000i\000f\000t\000\040\000O\000p\000e\000r\000a\000t\000o\000r\000s\000\040\040\024\000\040\000P\000r\000o\000j\000e\000c\000t\000i\000n\000g\000\040\000o\000n\000t\000o\000\040\000C\000a\000u\000s\000a\000l\000\040\000C\000h\000a\000n\000n\000e\000l\000s}{chapter.11}% 340
\BOOKMARK [2][-]{subsection.11.4.1}{\376\377\000I\000n\000t\000u\000i\000t\000i\000o\000n\000:\000\040\000C\000a\000u\000s\000a\000l\000\040\000C\000h\000a\000n\000n\000e\000l\000s}{section.11.4}% 341
\BOOKMARK [2][-]{subsection.11.4.2}{\376\377\000F\000o\000r\000m\000a\000l\000\040\000D\000e\000f\000i\000n\000i\000t\000i\000o\000n}{section.11.4}% 342
\BOOKMARK [2][-]{subsection.11.4.3}{\376\377\000S\000t\000e\000p\000-\000b\000y\000-\000S\000t\000e\000p\000\040\000C\000o\000m\000p\000u\000t\000a\000t\000i\000o\000n\000\040\000o\000f\000\040\000A\000l\000l\000\040\000F\000o\000u\000r\000\040\000G\000S\000O\000s}{section.11.4}% 343
\BOOKMARK [2][-]{subsection.11.4.4}{\376\377\000W\000o\000r\000k\000e\000d\000\040\000N\000u\000m\000e\000r\000i\000c\000a\000l\000\040\000E\000x\000a\000m\000p\000l\000e\000:\000\040\000A\000p\000p\000l\000y\000i\000n\000g\000\040\000t\000h\000e\000\040\000G\000S\000O\000s\000\040\000t\000o\000\040\000a\000\040\000S\000i\000g\000n\000a\000l}{section.11.4}% 344
\BOOKMARK [1][-]{section.11.5}{\376\377\000C\000a\000u\000s\000a\000l\000\040\000G\000r\000a\000p\000h\000\040\000F\000i\000l\000t\000e\000r\000s\000\040\040\024\000\040\000L\000i\000n\000e\000a\000r\000\040\000C\000o\000m\000b\000i\000n\000a\000t\000i\000o\000n\000s\000\040\000o\000f\000\040\000G\000S\000O\000s}{chapter.11}% 345
\BOOKMARK [2][-]{subsection.11.5.1}{\376\377\000F\000i\000l\000t\000e\000r\000\040\000D\000e\000f\000i\000n\000i\000t\000i\000o\000n}{section.11.5}% 346
\BOOKMARK [2][-]{subsection.11.5.2}{\376\377\000W\000o\000r\000k\000e\000d\000\040\000N\000u\000m\000e\000r\000i\000c\000a\000l\000\040\000E\000x\000a\000m\000p\000l\000e}{section.11.5}% 347
\BOOKMARK [1][-]{section.11.6}{\376\377\000T\000h\000e\000\040\000D\000C\000N\000\040\000A\000r\000c\000h\000i\000t\000e\000c\000t\000u\000r\000e}{chapter.11}% 348
\BOOKMARK [2][-]{subsection.11.6.1}{\376\377\000M\000u\000l\000t\000i\000-\000F\000e\000a\000t\000u\000r\000e\000\040\000E\000x\000t\000e\000n\000s\000i\000o\000n}{section.11.6}% 349
\BOOKMARK [2][-]{subsection.11.6.2}{\376\377\000A\000r\000c\000h\000i\000t\000e\000c\000t\000u\000r\000e\000\040\000D\000i\000a\000g\000r\000a\000m}{section.11.6}% 350
\BOOKMARK [2][-]{subsection.11.6.3}{\376\377\000F\000o\000r\000w\000a\000r\000d\000\040\000P\000a\000s\000s\000:\000\040\000D\000i\000m\000e\000n\000s\000i\000o\000n\000s\000\040\000a\000n\000d\000\040\000C\000o\000m\000p\000u\000t\000a\000t\000i\000o\000n}{section.11.6}% 351
\BOOKMARK [2][-]{subsection.11.6.4}{\376\377\000P\000e\000r\000m\000u\000t\000a\000t\000i\000o\000n\000\040\000E\000q\000u\000i\000v\000a\000r\000i\000a\000n\000c\000e}{section.11.6}% 352
\BOOKMARK [2][-]{subsection.11.6.5}{\376\377\000D\000C\000N\000-\000T\000:\000\040\000T\000h\000e\000\040\000T\000r\000a\000n\000s\000p\000o\000s\000e\000d\000\040\000V\000a\000r\000i\000a\000n\000t\000\040\000f\000o\000r\000\040\000S\000o\000u\000r\000c\000e\000\040\000D\000e\000t\000e\000c\000t\000i\000o\000n}{section.11.6}% 353
\BOOKMARK [2][-]{subsection.11.6.6}{\376\377\000C\000o\000m\000p\000u\000t\000a\000t\000i\000o\000n\000a\000l\000\040\000C\000o\000m\000p\000l\000e\000x\000i\000t\000y}{section.11.6}% 354
\BOOKMARK [1][-]{section.11.7}{\376\377\000P\000a\000r\000a\000l\000l\000e\000l\000\040\000D\000C\000N\000\040\000\050\000P\000D\000C\000N\000\051\000\040\040\024\000\040\000T\000r\000a\000d\000i\000n\000g\000\040\000D\000e\000p\000t\000h\000\040\000f\000o\000r\000\040\000W\000i\000d\000t\000h}{chapter.11}% 355
\BOOKMARK [2][-]{subsection.11.7.1}{\376\377\000T\000h\000e\000\040\000C\000o\000m\000p\000o\000s\000i\000t\000i\000o\000n\000\040\000L\000e\000m\000m\000a\000:\000\040\000D\000e\000p\000t\000h\000\040\000D\000o\000e\000s\000\040\000N\000o\000t\000\040\000H\000e\000l\000p}{section.11.7}% 356
\BOOKMARK [2][-]{subsection.11.7.2}{\376\377\000T\000h\000e\000\040\000P\000D\000C\000N\000\040\000A\000r\000c\000h\000i\000t\000e\000c\000t\000u\000r\000e}{section.11.7}% 357
\BOOKMARK [2][-]{subsection.11.7.3}{\376\377\000A\000r\000c\000h\000i\000t\000e\000c\000t\000u\000r\000e\000\040\000D\000i\000a\000g\000r\000a\000m\000:\000\040\000D\000C\000N\000\040\000v\000s\000.\000\040\000P\000D\000C\000N}{section.11.7}% 358
\BOOKMARK [2][-]{subsection.11.7.4}{\376\377\000P\000a\000r\000a\000m\000e\000t\000e\000r\000\040\000C\000o\000u\000n\000t\000:\000\040\000I\000n\000d\000e\000p\000e\000n\000d\000e\000n\000t\000\040\000o\000f\000\040\000G\000r\000a\000p\000h\000\040\000S\000i\000z\000e}{section.11.7}% 359
\BOOKMARK [2][-]{subsection.11.7.5}{\376\377\000W\000h\000e\000n\000\040\000t\000o\000\040\000U\000s\000e\000\040\000D\000C\000N\000\040\000v\000s\000.\000\040\000P\000D\000C\000N}{section.11.7}% 360
\BOOKMARK [1][-]{section.11.8}{\376\377\000S\000o\000u\000r\000c\000e\000\040\000D\000e\000t\000e\000c\000t\000i\000o\000n\000\040\000w\000i\000t\000h\000\040\000D\000C\000N\000-\000T}{chapter.11}% 361
\BOOKMARK [2][-]{subsection.11.8.1}{\376\377\000T\000h\000e\000\040\000S\000o\000u\000r\000c\000e\000\040\000I\000d\000e\000n\000t\000i\000f\000i\000c\000a\000t\000i\000o\000n\000\040\000T\000a\000s\000k}{section.11.8}% 362
\BOOKMARK [2][-]{subsection.11.8.2}{\376\377\000W\000h\000y\000\040\000T\000r\000a\000n\000s\000p\000o\000s\000e\000d\000\040\000G\000S\000O\000s\000\040\000A\000r\000e\000\040\000N\000e\000e\000d\000e\000d}{section.11.8}% 363
\BOOKMARK [2][-]{subsection.11.8.3}{\376\377\000C\000o\000n\000n\000e\000c\000t\000i\000o\000n\000\040\000t\000o\000\040\000R\000e\000v\000e\000r\000s\000e\000d\000\040\000D\000A\000G\000\040\000A\000p\000p\000r\000o\000a\000c\000h\000e\000s}{section.11.8}% 364
\BOOKMARK [2][-]{subsection.11.8.4}{\376\377\000E\000x\000p\000e\000r\000i\000m\000e\000n\000t\000a\000l\000\040\000R\000e\000s\000u\000l\000t\000s}{section.11.8}% 365
\BOOKMARK [1][-]{section.11.9}{\376\377\000S\000u\000m\000m\000a\000r\000y}{chapter.11}% 366
\BOOKMARK [2][-]{subsection.11.9.1}{\376\377\000C\000o\000m\000p\000a\000r\000i\000s\000o\000n\000\040\000T\000a\000b\000l\000e}{section.11.9}% 367
\BOOKMARK [2][-]{subsection.11.9.2}{\376\377\000T\000h\000e\000\040\000T\000h\000r\000e\000e\000\040\000K\000e\000y\000\040\000C\000o\000n\000t\000r\000i\000b\000u\000t\000i\000o\000n\000s}{section.11.9}% 368
\BOOKMARK [2][-]{subsection.11.9.3}{\376\377\000P\000o\000s\000i\000t\000i\000o\000n\000\040\000i\000n\000\040\000t\000h\000e\000\040\000B\000r\000o\000a\000d\000e\000r\000\040\000L\000a\000n\000d\000s\000c\000a\000p\000e}{section.11.9}% 369
\BOOKMARK [-1][-]{part.5}{\376\377\000V\000\040\000E\000x\000p\000e\000r\000i\000m\000e\000n\000t\000s\000\040\000\046\000\040\000E\000v\000a\000l\000u\000a\000t\000i\000o\000n}{}% 370
\BOOKMARK [0][-]{chapter.12}{\376\377\000E\000x\000p\000e\000r\000i\000m\000e\000n\000t\000s\000,\000\040\000B\000a\000s\000e\000l\000i\000n\000e\000s\000,\000\040\000a\000n\000d\000\040\000E\000v\000a\000l\000u\000a\000t\000i\000o\000n}{part.5}% 371
\BOOKMARK [1][-]{section.12.1}{\376\377\000T\000h\000e\000\040\000E\000x\000p\000e\000r\000i\000m\000e\000n\000t\000\040\000P\000i\000p\000e\000l\000i\000n\000e\000:\000\040\000B\000i\000g\000\040\000P\000i\000c\000t\000u\000r\000e}{chapter.12}% 372
\BOOKMARK [2][-]{subsection.12.1.1}{\376\377\000P\000i\000p\000e\000l\000i\000n\000e\000\040\000D\000i\000a\000g\000r\000a\000m}{section.12.1}% 373
\BOOKMARK [2][-]{subsection.12.1.2}{\376\377\000S\000t\000a\000g\000e\000\040\0001\000:\000\040\000G\000e\000n\000e\000r\000a\000t\000i\000n\000g\000\040\000G\000r\000o\000u\000n\000d\000-\000T\000r\000u\000t\000h\000\040\000D\000a\000t\000a\000\040\000\050\000m\000a\000i\000n\000\137\000t\000s\000i\000r\000.\000p\000y\000\051}{section.12.1}% 374
\BOOKMARK [2][-]{subsection.12.1.3}{\376\377\000S\000t\000a\000g\000e\000\040\0002\000a\000:\000\040\000G\000N\000N\000\040\000I\000n\000f\000e\000r\000e\000n\000c\000e\000\040\000\050\000m\000a\000i\000n\000\137\000g\000n\000n\000.\000p\000y\000\051}{section.12.1}% 375
\BOOKMARK [2][-]{subsection.12.1.4}{\376\377\000S\000t\000a\000g\000e\000\040\0002\000b\000:\000\040\000C\000l\000a\000s\000s\000i\000c\000a\000l\000\040\000B\000a\000s\000e\000l\000i\000n\000e\000\040\000E\000v\000a\000l\000u\000a\000t\000i\000o\000n\000\040\000\050\000m\000a\000i\000n\000\137\000e\000v\000a\000l\000.\000p\000y\000\051}{section.12.1}% 376
\BOOKMARK [2][-]{subsection.12.1.5}{\376\377\000S\000t\000a\000g\000e\000\040\0003\000:\000\040\000V\000i\000s\000u\000a\000l\000i\000s\000a\000t\000i\000o\000n\000\040\000\050\000v\000i\000z\000/\000\051}{section.12.1}% 377
\BOOKMARK [1][-]{section.12.2}{\376\377\000E\000v\000a\000l\000u\000a\000t\000i\000o\000n\000\040\000M\000e\000t\000r\000i\000c\000s\000:\000\040\000F\000r\000o\000m\000\040\000S\000c\000r\000a\000t\000c\000h}{chapter.12}% 378
\BOOKMARK [2][-]{subsection.12.2.1}{\376\377\000C\000o\000m\000p\000u\000t\000i\000n\000g\000\040\000t\000h\000e\000\040\000R\000a\000n\000k}{section.12.2}% 379
\BOOKMARK [2][-]{subsection.12.2.2}{\376\377\000R\000a\000n\000k\000\040\000S\000c\000o\000r\000e}{section.12.2}% 380
\BOOKMARK [2][-]{subsection.12.2.3}{\376\377\000T\000o\000p\000-\000k\000\040\000S\000c\000o\000r\000e}{section.12.2}% 381
\BOOKMARK [2][-]{subsection.12.2.4}{\376\377\000T\000h\000e\000\040\000s\000e\000l\000\040\000M\000a\000s\000k\000:\000\040\000F\000i\000l\000t\000e\000r\000i\000n\000g\000\040\000V\000a\000l\000i\000d\000\040\000O\000u\000t\000b\000r\000e\000a\000k\000s}{section.12.2}% 382
\BOOKMARK [2][-]{subsection.12.2.5}{\376\377\000O\000t\000h\000e\000r\000\040\000M\000e\000t\000r\000i\000c\000s\000\040\000i\000n\000\040\000t\000h\000e\000\040\000C\000o\000d\000e\000b\000a\000s\000e}{section.12.2}% 383
\BOOKMARK [1][-]{section.12.3}{\376\377\000T\000h\000e\000\040\000T\000S\000I\000R\000D\000a\000t\000a\000\040\000D\000a\000t\000a\000c\000l\000a\000s\000s}{chapter.12}% 384
\BOOKMARK [2][-]{subsection.12.3.1}{\376\377\000F\000i\000e\000l\000d\000s\000\040\000a\000n\000d\000\040\000S\000h\000a\000p\000e\000s}{section.12.3}% 385
\BOOKMARK [2][-]{subsection.12.3.2}{\376\377\000U\000n\000d\000e\000r\000s\000t\000a\000n\000d\000i\000n\000g\000\040\000t\000h\000e\000\040\0003\000D\000\040\000T\000e\000n\000s\000o\000r\000\040\000S\000h\000a\000p\000e}{section.12.3}% 386
\BOOKMARK [2][-]{subsection.12.3.3}{\376\377\000T\000h\000e\000\040\000p\000o\000s\000s\000i\000b\000l\000e\000\040\000M\000a\000s\000k}{section.12.3}% 387
\BOOKMARK [2][-]{subsection.12.3.4}{\376\377\000T\000h\000e\000\040\000l\000i\000k\000\137\000p\000o\000s\000s\000i\000b\000l\000e\000\040\000L\000o\000g\000-\000P\000r\000i\000o\000r}{section.12.3}% 388
\BOOKMARK [2][-]{subsection.12.3.5}{\376\377\000T\000h\000e\000\040\000m\000a\000x\000i\000m\000a\000l\000\137\000o\000u\000t\000b\000r\000e\000a\000k\000\040\000A\000r\000r\000a\000y}{section.12.3}% 389
\BOOKMARK [1][-]{section.12.4}{\376\377\000C\000l\000a\000s\000s\000i\000c\000a\000l\000\040\000B\000a\000s\000e\000l\000i\000n\000e\000s\000:\000\040\000C\000o\000d\000e\000\040\000W\000a\000l\000k\000t\000h\000r\000o\000u\000g\000h\000s}{chapter.12}% 390
\BOOKMARK [2][-]{subsection.12.4.1}{\376\377\000U\000n\000i\000f\000o\000r\000m\000\040\000B\000a\000s\000e\000l\000i\000n\000e}{section.12.4}% 391
\BOOKMARK [2][-]{subsection.12.4.2}{\376\377\000R\000a\000n\000d\000o\000m\000\040\000B\000a\000s\000e\000l\000i\000n\000e}{section.12.4}% 392
\BOOKMARK [2][-]{subsection.12.4.3}{\376\377\000D\000e\000g\000r\000e\000e\000\040\000B\000a\000s\000e\000l\000i\000n\000e}{section.12.4}% 393
\BOOKMARK [2][-]{subsection.12.4.4}{\376\377\000J\000o\000r\000d\000a\000n\000\040\000C\000e\000n\000t\000e\000r\000\040\000B\000a\000s\000e\000l\000i\000n\000e}{section.12.4}% 394
\BOOKMARK [2][-]{subsection.12.4.5}{\376\377\000F\000r\000o\000m\000\040\000S\000c\000o\000r\000e\000s\000\040\000t\000o\000\040\000P\000r\000o\000b\000a\000b\000i\000l\000i\000t\000i\000e\000s\000:\000\040\000T\000h\000e\000\040\000\137\000s\000c\000o\000r\000e\000s\000\137\000t\000o\000\137\000p\000r\000o\000b\000s\000\040\000F\000u\000n\000c\000t\000i\000o\000n}{section.12.4}% 395
\BOOKMARK [1][-]{section.12.5}{\376\377\000R\000u\000n\000n\000i\000n\000g\000\040\000a\000n\000\040\000E\000x\000p\000e\000r\000i\000m\000e\000n\000t\000\040\000E\000n\000d\000\040\000t\000o\000\040\000E\000n\000d}{chapter.12}% 396
\BOOKMARK [2][-]{subsection.12.5.1}{\376\377\000T\000h\000e\000\040\000Y\000A\000M\000L\000\040\000C\000o\000n\000f\000i\000g\000u\000r\000a\000t\000i\000o\000n\000\040\000S\000y\000s\000t\000e\000m}{section.12.5}% 397
\BOOKMARK [2][-]{subsection.12.5.2}{\376\377\000F\000u\000l\000l\000\040\000C\000o\000m\000m\000a\000n\000d\000\040\000S\000e\000q\000u\000e\000n\000c\000e}{section.12.5}% 398
\BOOKMARK [2][-]{subsection.12.5.3}{\376\377\000W\000h\000a\000t\000\040\000G\000e\000t\000s\000\040\000L\000o\000g\000g\000e\000d\000\040\000t\000o\000\040\000W\000\046\000B}{section.12.5}% 399
\BOOKMARK [1][-]{section.12.6}{\376\377\000E\000r\000d\001\121\000s\040\023\000R\000\351\000n\000y\000i\000\040\000N\000e\000t\000w\000o\000r\000k\000s\000\040\000a\000s\000\040\000B\000e\000n\000c\000h\000m\000a\000r\000k\000s}{chapter.12}% 400
\BOOKMARK [2][-]{subsection.12.6.1}{\376\377\000T\000h\000e\000\040\000G\000i\000a\000n\000t\000\040\000C\000o\000m\000p\000o\000n\000e\000n\000t\000\040\000a\000n\000d\000\040\000E\000p\000i\000d\000e\000m\000i\000c\000\040\000S\000p\000r\000e\000a\000d}{section.12.6}% 401
\BOOKMARK [1][-]{section.12.7}{\376\377\000S\000c\000a\000l\000i\000n\000g\000\040\000A\000n\000a\000l\000y\000s\000i\000s\000:\000\040\000T\000h\000e\000\040\000e\000x\000p\000\137\0001\000\137\000v\000a\000r\000y\000\137\000n\000\040\000E\000x\000p\000e\000r\000i\000m\000e\000n\000t}{chapter.12}% 402
\BOOKMARK [2][-]{subsection.12.7.1}{\376\377\000E\000x\000p\000e\000c\000t\000e\000d\000\040\000S\000c\000a\000l\000i\000n\000g\000\040\000B\000e\000h\000a\000v\000i\000o\000u\000r}{section.12.7}% 403
\BOOKMARK [2][-]{subsection.12.7.2}{\376\377\000I\000n\000t\000e\000r\000p\000r\000e\000t\000i\000n\000g\000\040\000a\000\040\000R\000e\000s\000u\000l\000t\000s\000\040\000P\000l\000o\000t}{section.12.7}% 404
\BOOKMARK [2][-]{subsection.12.7.3}{\376\377\000W\000h\000y\000\040\000G\000N\000N\000s\000\040\000S\000h\000o\000u\000l\000d\000\040\000\050\000i\000n\000\040\000P\000r\000i\000n\000c\000i\000p\000l\000e\000\051\000\040\000S\000c\000a\000l\000e\000\040\000B\000e\000t\000t\000e\000r}{section.12.7}% 405
